NUMLINES READ: 3040

parm = 

               c: 1
             fct: 0.2000
        sizeRoot: [10 10]
         featDim: 32
            sbin: 8
          padHog: 2
    sanityChecks: 1
      rootLength: 3200
        sizeBBOX: [12 12]
               e: 1.0000e-03
      numSamples: 3040
        numViews: 4
    numInstances: 4
       dimension: 51200
        patterns: {1x3040 cell}
          labels: {1x3040 cell}
          lossFn: @loss_vp
       featureFn: @mypsi_vp
    constraintFn: @mvc_vp

There are 3040 training examples
Iter 1: .........*Reducing working set...done. (NumConst=1, SV=1, CEps=1.0000, QPEps=0.0000)
Iter 2: .........*Reducing working set...done. (NumConst=2, SV=2, CEps=1.0393, QPEps=0.0000)
Iter 3: .........*Reducing working set...done. (NumConst=3, SV=3, CEps=1.1768, QPEps=0.0000)
Iter 4: .........*Reducing working set...done. (NumConst=4, SV=4, CEps=0.8831, QPEps=0.0000)
Iter 5: .........*Reducing working set...done. (NumConst=5, SV=5, CEps=0.7455, QPEps=0.0000)
Iter 6: .........*Reducing working set...done. (NumConst=6, SV=6, CEps=0.5382, QPEps=0.0000)
Iter 7: .........*Reducing working set...done. (NumConst=7, SV=7, CEps=0.4444, QPEps=0.0000)
Iter 8: .........*Reducing working set...done. (NumConst=8, SV=8, CEps=0.3390, QPEps=0.0000)
Iter 9: .........*Reducing working set...done. (NumConst=9, SV=9, CEps=0.2489, QPEps=0.0000)
Iter 10: .........*Reducing working set...done. (NumConst=10, SV=10, CEps=0.2197, QPEps=0.0000)
Iter 11: .........*Reducing working set...done. (NumConst=11, SV=11, CEps=0.1893, QPEps=0.0162)
Iter 12: .........*Reducing working set...done. (NumConst=12, SV=12, CEps=0.1483, QPEps=0.0060)
Iter 13: .........*Reducing working set...done. (NumConst=13, SV=13, CEps=0.1181, QPEps=0.0456)
Iter 14: .........*Reducing working set...done. (NumConst=14, SV=13, CEps=0.1165, QPEps=0.0371)
Iter 15: .........*Reducing working set...done. (NumConst=15, SV=13, CEps=0.0822, QPEps=0.0315)
Iter 16: .........*Reducing working set...done. (NumConst=16, SV=14, CEps=0.0734, QPEps=0.0340)
Iter 17: .........*Reducing working set...done. (NumConst=17, SV=14, CEps=0.0780, QPEps=0.0195)
Iter 18: .........*Reducing working set...done. (NumConst=18, SV=13, CEps=0.0592, QPEps=0.0248)
Iter 19: .........*Reducing working set...done. (NumConst=19, SV=14, CEps=0.0592, QPEps=0.0125)
Iter 20: .........*Reducing working set...done. (NumConst=20, SV=15, CEps=0.0520, QPEps=0.0134)
Iter 21: .........*Reducing working set...done. (NumConst=21, SV=16, CEps=0.0544, QPEps=0.0173)
Iter 22: .........*Reducing working set...done. (NumConst=22, SV=16, CEps=0.0501, QPEps=0.0144)
Iter 23: .........*Reducing working set...done. (NumConst=23, SV=14, CEps=0.0486, QPEps=0.0086)
Iter 24: .........*Reducing working set...done. (NumConst=24, SV=15, CEps=0.0382, QPEps=0.0153)
Iter 25: .........*Reducing working set...done. (NumConst=25, SV=16, CEps=0.0494, QPEps=0.0137)
Iter 26: .........*Reducing working set...done. (NumConst=26, SV=16, CEps=0.0352, QPEps=0.0160)
Iter 27: .........*Reducing working set...done. (NumConst=27, SV=17, CEps=0.0416, QPEps=0.0143)
Iter 28: .........*Reducing working set...done. (NumConst=28, SV=16, CEps=0.0476, QPEps=0.0057)
Iter 29: .........*Reducing working set...done. (NumConst=29, SV=18, CEps=0.0229, QPEps=0.0108)
Iter 30: .........*Reducing working set...done. (NumConst=30, SV=18, CEps=0.0284, QPEps=0.0076)
Iter 31: .........*Reducing working set...done. (NumConst=31, SV=19, CEps=0.0216, QPEps=0.0090)
Iter 32: .........*Reducing working set...done. (NumConst=32, SV=19, CEps=0.0269, QPEps=0.0066)
Iter 33: .........*Reducing working set...done. (NumConst=33, SV=19, CEps=0.0220, QPEps=0.0066)
Iter 34: .........*Reducing working set...done. (NumConst=34, SV=18, CEps=0.0149, QPEps=0.0072)
Iter 35: .........*Reducing working set...done. (NumConst=35, SV=19, CEps=0.0183, QPEps=0.0059)
Iter 36: .........*Reducing working set...done. (NumConst=36, SV=19, CEps=0.0179, QPEps=0.0073)
Iter 37: .........*Reducing working set...done. (NumConst=37, SV=19, CEps=0.0149, QPEps=0.0071)
Iter 38: .........*Reducing working set...done. (NumConst=38, SV=19, CEps=0.0193, QPEps=0.0063)
Iter 39: .........*Reducing working set...done. (NumConst=39, SV=19, CEps=0.0159, QPEps=0.0036)
Iter 40: .........*Reducing working set...done. (NumConst=40, SV=19, CEps=0.0101, QPEps=0.0029)
Iter 41: .........*Reducing working set...done. (NumConst=41, SV=19, CEps=0.0125, QPEps=0.0040)
Iter 42: .........*Reducing working set...done. (NumConst=42, SV=18, CEps=0.0134, QPEps=0.0017)
Iter 43: .........*Reducing working set...done. (NumConst=43, SV=19, CEps=0.0092, QPEps=0.0024)
Iter 44: .........*Reducing working set...done. (NumConst=44, SV=20, CEps=0.0094, QPEps=0.0022)
Iter 45: .........*Reducing working set...done. (NumConst=45, SV=18, CEps=0.0098, QPEps=0.0037)
Iter 46: .........*Reducing working set...done. (NumConst=46, SV=19, CEps=0.0073, QPEps=0.0031)
Iter 47: .........*Reducing working set...done. (NumConst=47, SV=19, CEps=0.0082, QPEps=0.0031)
Iter 48: .........*Reducing working set...done. (NumConst=48, SV=18, CEps=0.0115, QPEps=0.0020)
Iter 49: .........*Reducing working set...done. (NumConst=49, SV=18, CEps=0.0083, QPEps=0.0029)
Iter 50: .........*Reducing working set...done. (NumConst=50, SV=18, CEps=0.0079, QPEps=0.0028)
Iter 51: .........*Reducing working set...done. (NumConst=51, SV=17, CEps=0.0063, QPEps=0.0025)
Iter 52: .........*Reducing working set...done. (NumConst=52, SV=18, CEps=0.0052, QPEps=0.0025)
Iter 53: .........*Reducing working set...done. (NumConst=53, SV=19, CEps=0.0052, QPEps=0.0018)
Iter 54: .........*Reducing working set...done. (NumConst=54, SV=18, CEps=0.0058, QPEps=0.0019)
Iter 55: .........*Reducing working set...done. (NumConst=55, SV=18, CEps=0.0047, QPEps=0.0023)
Iter 56: .........*Reducing working set...done. (NumConst=56, SV=19, CEps=0.0050, QPEps=0.0020)
Iter 57: .........*Reducing working set...done. (NumConst=57, SV=19, CEps=0.0038, QPEps=0.0010)
Iter 58: .........*Reducing working set...done. (NumConst=58, SV=18, CEps=0.0058, QPEps=0.0013)
Iter 59: .........*Reducing working set...done. (NumConst=59, SV=18, CEps=0.0036, QPEps=0.0010)
Iter 60: .........*Reducing working set...done. (NumConst=60, SV=19, CEps=0.0042, QPEps=0.0010)
Iter 61: .........*Reducing working set...done. (NumConst=61, SV=18, CEps=0.0037, QPEps=0.0013)
Iter 62: .........*Reducing working set...done. (NumConst=62, SV=22, CEps=0.0031, QPEps=0.0015)
Iter 63: .........*Reducing working set...done. (NumConst=62, SV=22, CEps=0.0041, QPEps=0.0014)
Iter 64: .........*Reducing working set...done. (NumConst=63, SV=19, CEps=0.0038, QPEps=0.0015)
Iter 65: .........*Reducing working set...done. (NumConst=64, SV=19, CEps=0.0027, QPEps=0.0007)
Iter 66: .........*Reducing working set...done. (NumConst=65, SV=21, CEps=0.0023, QPEps=0.0011)
Iter 67: .........*Reducing working set...done. (NumConst=64, SV=22, CEps=0.0026, QPEps=0.0011)
Iter 68: .........*Reducing working set...done. (NumConst=64, SV=20, CEps=0.0034, QPEps=0.0009)
Iter 69: .........*Reducing working set...done. (NumConst=64, SV=22, CEps=0.0025, QPEps=0.0009)
Iter 70: .........*Reducing working set...done. (NumConst=65, SV=21, CEps=0.0026, QPEps=0.0010)
Iter 71: .........*Reducing working set...done. (NumConst=65, SV=22, CEps=0.0023, QPEps=0.0011)
Iter 72: .........*Reducing working set...done. (NumConst=63, SV=22, CEps=0.0015, QPEps=0.0007)
Iter 73: .........*Reducing working set...done. (NumConst=64, SV=22, CEps=0.0018, QPEps=0.0006)
Iter 74: .........*Reducing working set...done. (NumConst=65, SV=21, CEps=0.0021, QPEps=0.0006)
Iter 75: .........*Reducing working set...done. (NumConst=65, SV=21, CEps=0.0019, QPEps=0.0005)
Iter 76: .........*Reducing working set...done. (NumConst=66, SV=21, CEps=0.0016, QPEps=0.0007)
Iter 77: .........*Reducing working set...done. (NumConst=66, SV=22, CEps=0.0016, QPEps=0.0007)
Iter 78: .........*Reducing working set...done. (NumConst=67, SV=23, CEps=0.0018, QPEps=0.0007)
Iter 79: .........*Reducing working set...done. (NumConst=67, SV=23, CEps=0.0016, QPEps=0.0008)
Iter 80: .........*Reducing working set...done. (NumConst=68, SV=24, CEps=0.0018, QPEps=0.0006)
Iter 81: .........*Reducing working set...done. (NumConst=69, SV=25, CEps=0.0022, QPEps=0.0007)
Iter 82: .........*Reducing working set...done. (NumConst=69, SV=26, CEps=0.0013, QPEps=0.0004)
Iter 83: .........*Reducing working set...done. (NumConst=68, SV=26, CEps=0.0016, QPEps=0.0004)
Iter 84: .........*Reducing working set...done. (NumConst=69, SV=25, CEps=0.0013, QPEps=0.0005)
Iter 85: .........*Reducing working set...done. (NumConst=70, SV=25, CEps=0.0013, QPEps=0.0005)
Iter 86: .........*Reducing working set...done. (NumConst=70, SV=25, CEps=0.0013, QPEps=0.0006)
Iter 87: .........(NumConst=70, SV=25, CEps=0.0007, QPEps=0.0006)
Final epsilon on KKT-Conditions: 0.00073
Upper bound on duality gap: 0.00087
Dual objective value: dval=0.52962
Primal objective value: pval=0.53049
Total number of constraints in final working set: 70 (of 86)
Number of iterations: 87
Number of calls to 'find_most_violated_constraint': 264480
Number of SV: 25 
Norm of weight vector: |w|=0.83265
Value of slack variable (on working set): xi=0.18310
Value of slack variable (global): xi=0.18384
Norm of longest difference vector: ||Psi(x,y)-Psi(x,ybar)||=4.09023
Runtime in cpu-seconds: 287.69 (0.04% for QP, 0.19% for kernel, 54.44% for Argmax, 42.54% for Psi, 0.53% for init, 0.00% for cache update, 0.00% for cache const, 0.00% for cache add (incl. 0.00% for sum))
Losses: 0 0 0 0 0 0 0 0 0 0 0 0 0 0 0 0 0 0 0 0 0 0 0 0 0 0 0 0 0 0 0 0 0 0 0 0 0 0 0 0 0 0 0 0 0 0 0 0 0 0 0 0 0 0 0 0 0 0 0 0 0 0 0 0 0 0 0 0 0 0 0 0 0 0 0 0 0 0 0 0 0 0 0 0 0 0 0 0 0 0 0 0 0 0 0 0 0 0 0 0 0 0 0 0 0 0 0 0 0 0 0 0 0 0 0 0 0 0 0 0 0 0 0 0 0 0 0 0 0 0 0 0 0 0 0 0 0 0 0 0 0 0 0 0 0 0 0 0 0 0 0 0 0 0 0 0 0 0 0 0 0 0 0 0 0 0 0 0 0 0 0 0 0 0 0 0 0 0 0 0 0 0 0 0 0 0 0 0 0 0 0 0 0 0 0 0 0 0 0 0 0 0 0 0 0 0 0 0 0 0 0 0 0 0 0 0 0 0 0 0 0 0 0 0 0 0 0 0 0 0 0 0 0 0 0 0 0 0 0 0 0 0 0 0 0 0 0 0 0 0 0 0 0 0 0 0 0 0 0 0 0 0 0 0 0 0 0 0 0 0 0 0 0 0 0 0 0 0 0 0 0 0 0 0 0 0 0 0 0 0 0 0 0 0 0 0 0 0 0 0 0 0 0 0 0 0 0 0 0 0 0 0 0 0 0 0 0 0 0 0 0 0 0 0 0 0 0 0 0 0 0 0 0 0 0 0 0 0 0 0 0 0 0 0 0 0 0 0 0 0 0 0 0 0 0 0 0 0 0 0 0 0 0 0 0 0 0 0 0 0 0 0 0 0 0 0 0 0 0 0 0 0 0 0 0 0 0 0 0 0 0 0 0 0 0 0 0 0 0 0 0 0 0 0 0 0 0 0 0 0 0 0 0 0 0 0 0 0 0 0 0 0 0 0 0 0 0 0 0 0 0 0 0 0 0 0 0 0 0 0 0 0 0 0 0 0 0 0 0 0 0 0 0 0 0 0 0 0 0 0 0 0 0 0 0 0 0 0 0 0 0 0 0 0 0 0 0 0 0 0 0 0 0 0 0 0 0 0 0 0 0 0 0 0 0 0 0 0 0 0 0 0 0 0 0 0 0 0 0 0 0 0 0 0 0 0 0 0 0 0 0 0 0 0 0 0 0 0 0 0 0 0 0 0 0 0 0 0 0 0 0 0 0 0 0 0 0 0 0 0 0 0 0 0 0 0 0 0 0 0 0 0 0 0 0 0 0 0 0 0 0 0 0 0 0 0 0 0 0 0 0 0 0 0 0 0 0 0 0 0 0 0 0 0 0 0 0 0 0 0 0 0 0 0 0 0 0 0 0 0 0 0 0 0 0 0 0 0 0 0 0 0 0 0 0 0 0 0 0 0 0 0 0 0 0 0 0 0 0 0 0 0 0 0 0 0 0 0 0 0 0 0 0 0 0 0 0 0 0 0 0 0 0 0 0 0 0 0 0 0 0 0 0 0 0 0 0 0 0 0 0 0 0 0 0 0 0 0 0 0 0 0 0 0 0 0 0 0 0 0 0 0 0 0 0 0 0 0 0 0 0 0 0 0 0 0 0 0 0 0 0 0 0 0 0 0 0 0 0 0 0 0 0 0 0 0 0 0 0 0 0 0 0 0 0 0 0 0 0 0 0 0 0 0 0 0 0 0 0 0 0 0 0 0 0 0 0 0 0 0 0 0 0 0 0 0 0 0 0 0 0 0 0 0 0 0 0 0 0 0 0 0 0 0 0 0 0 0 0 0 0 0 0 0 0 0 0 0 0 0 0 0 0 0 0 0 0 0 0 0 0 0 0 0 0 0 0 0 0 0 0 0 0 0 0 0 0 0 0 0 0 0 0 0 0 0 0 0 0 0 0 0 0 0 0 0 0 0 0 0 0 0 0 0 0 0 0 0 0 0 0 0 0 0 0 0 0 0 0 0 0 0 0 0 0 0 0 0 0 0 0 0 0 0 0 0 0 0 0 0 0 0 0 0 0 0 0 0 0 0 0 0 0 0 0 0 0 0 0 0 0 0 0 0 0 0 0 0 0 0 0 0 0 0 0 0 0 0 0 0 0 0 0 0 0 0 0 0 0 0 0 0 0 0 0 0 0 0 0 0 0 0 0 0 0 0 0 0 0 0 0 0 0 0 0 0 0 0 0 0 0 0 0 0 0 0 0 0 0 0 0 0 0 0 0 0 0 0 0 0 0 0 0 0 0 0 0 0 0 0 0 0 0 0 0 0 0 0 0 0 0 0 0 0 0 0 0 0 0 0 0 0 0 0 0 0 0 0 0 0 0 0 0 0 0 0 0 0 0 0 0 0 0 0 0 0 0 0 0 0 0 0 0 0 0 0 0 0 0 0 0 0 0 0 0 0 0 0 0 0 0 0 0 0 0 0 0 0 0 0 0 0 0 0 0 0 0 0 0 0 0 0 0 0 0 0 0 0 0 0 0 0 0 0 0 0 0 0 0 0 0 0 0 0 0 0 0 0 0 0 0 0 0 0 0 0 0 0 0 0 0 0 0 0 0 0 0 0 0 0 0 0 0 0 0 0 0 0 0 0 0 0 0 0 0 0 0 0 0 0 0 0 0 0 0 0 0 0 0 0 0 0 0 0 0 0 0 0 0 0 0 0 0 0 0 0 0 0 0 0 0 0 0 0 0 0 0 0 0 0 0 0 0 0 0 0 0 0 0 0 0 0 0 0 0 0 0 0 0 0 0 0 0 0 0 0 0 0 0 0 0 0 0 0 0 0 0 0 0 0 0 0 0 0 0 0 0 0 0 0 0 0 0 0 0 0 0 0 0 0 0 0 0 0 0 0 0 0 0 0 0 0 0 0 0 0 0 0 0 0 0 0 0 0 0 0 0 0 0 0 0 0 0 0 0 0 0 0 0 0 0 0 0 0 0 0 0 0 0 0 0 0 0 0 0 0 0 0 0 0 0 0 0 0 0 0 0 0 0 0 0 0 0 0 0 0 0 0 0 0 0 0 0 0 0 0 0 0 0 0 0 0 0 0 0 0 0 0 0 0 0 0 0 0 0 0 0 0 0 0 0 0 0 0 0 0 0 0 0 0 0 0 0 0 0 0 0 0 0 0 0 0 0 0 0 0 0 0 0 0 0 0 0 0 0 0 0 0 0 0 0 0 0 0 0 0 0 0 0 0 0 0 0 0 0 0 0 0 0 0 0 0 0 0 0 0 0 0 0 0 0 0 0 0 0 0 0 0 0 0 0 0 0 0 0 0 0 0 0 0 0 0 0 0 0 0 0 0 0 0 0 0 0 0 0 0 0 0 0 0 0 0 0 0 0 0 0 0 0 0 0 0 0 0 0 0 0 0 0 0 0 0 0 0 0 0 0 0 0 0 0 0 0 0 0 0 0 0 0 0 0 0 0 0 0 0 0 0 0 0 0 0 0 0 0 0 0 0 0 0 0 0 0 0 0 0 0 0 0 0 0 0 0 0 0 0 0 0 0 0 0 0 0 0 0 0 0 0 0 0 0 0 0 0 0 0 0 0 0 0 0 0 0 0 0 0 0 0 0 0 0 0 0 0 0 0 0 0 0 0 0 0 0 0 0 0 0 0 0 0 0 0 0 0 0 0 0 0 0 0 0 0 0 0 0 0 0 0 0 0 0 0 0 0 0 0 0 0 0 0 0 0 0 0 0 0 0 0 0 0 0 0 0 0 0 0 0 0 0 0 0 0 0 0 0 0 0 0 0 0 0 0 0 0 0 0 0 0 0 0 0 0 0 0 0 0 0 0 0 0 0 0 0 0 0 0 0 0 0 0 0 0 0 0 0 0 0 0 0 0 0 0 0 0 0 0 0 0 0 0 0 0 0 0 0 0 0 0 0 0 0 0 0 0 0 0 0 0 0 0 0 0 0 0 0 0 0 0 0 0 0 0 0 0 0 0 0 0 0 0 0 0 0 0 0 0 0 0 0 0 0 0 0 0 0 0 0 0 0 0 0 0 0 0 0 0 0 0 0 0 0 0 0 0 0 0 0 0 0 0 0 0 0 0 0 0 0 0 0 0 0 0 0 0 0 0 0 0 0 0 0 0 0 0 0 0 0 0 0 0 0 0 0 0 0 0 0 0 0 0 0 0 0 0 0 0 0 0 0 0 0 0 0 0 0 0 0 0 0 0 0 0 0 0 0 0 0 0 0 0 0 0 0 0 0 0 0 0 0 0 0 0 0 0 0 0 0 0 0 0 0 0 0 0 0 0 0 0 0 0 0 0 0 0 0 0 0 0 0 0 0 0 0 0 0 0 0 0 0 0 0 0 0 0 0 0 0 0 0 0 0 0 0 0 0 0 0 0 0 0 0 0 0 0 0 0 0 0 0 0 0 0 0 0 0 0 0 0 0 0 0 0 0 0 0 0 0 0 0 0 0 0 0 0 0 0 0 0 0 0 0 0 0 0 0 0 0 0 0 0 0 0 0 0 0 0 0 0 0 0 0 0 0 0 0 0 0 0 0 0 0 0 0 0 0 0 0 0 0 0 0 0 0 0 0 0 0 0 0 0 0 0 0 0 0 0 0 0 0 0 0 0 0 0 0 0 0 0 0 0 0 0 0 0 0 0 0 0 0 0 0 0 0 0 0 0 0 0 0 0 0 0 0 0 0 0 0 0 0 0 0 0 0 0 0 0 0 0 0 0 0 0 0 0 0 0 0 0 0 0 0 0 0 0 0 0 0 0 0 0 0 0 0 0 0 0 0 0 0 0 0 0 0 0 0 0 0 0 0 0 0 0 0 0 0 0 0 0 0 0 0 0 0 0 0 0 0 0 0 0 0 0 0 0 0 0 0 0 0 0 0 0 0 0 0 0 0 0 0 0 0 0 0 0 0 0 0 0 0 0 0 0 0 0 0 0 0 0 0 0 0 0 0 0 0 0 0 0 0 0 0 0 0 0 0 0 0 0 0 0 0 0 0 0 0 0 0 0 0 0 0 0 0 0 0 0 0 0 0 0 0 0 0 0 0 0 0 0 0 0 0 0 0 0 0 0 0 0 0 0 0 0 0 0 0 0 0 0 0 0 0 0 0 0 0 0 0 0 0 0 0 0 0 0 0 0 0 0 0 0 0 0 0 0 0 0 0 0 0 0 0 0 0 0 0 0 0 0 0 0 0 0 0 0 0 0 0 0 0 0 0 0 0 0 0 0 0 0 0 0 0 0 0 0 0 0 0 0 0 0 0 0 0 0 0 0 0 0 0 0 0 0 0 0 0 0 0 0 0 0 0 0 0 0 0 0 0 0 0 0 0 0 0 0 0 0 0 0 0 0 0 0 0 0 0 0 0 0 0 0 0 0 0 0 0 0 0 0 0 0 0 0 0 0 0 0 0 0 0 0 0 0 0 0 0 0 0 0 0 0 0 0 0 0 0 0 0 0 0 0 0 0 0 0 0 0 0 0 0 0 0 0 0 0 0 0 0 0 0 0 0 0 0 0 0 0 0 0 0 0 0 0 0 0 0 0 0 0 0 0 0 0 0 0 0 0 0 0 0 0 0 0 0 0 0 0 0 0 0 0 0 0 0 0 0 0 0 0 0 0 0 0 0 0 0 0 0 0 0 0 0 0 0 0 0 0 0 0 0 0 0 0 0 0 0 0 0 0 0 0 0 0 0 0 0 0 0 0 0 0 0 0 0 0 0 0 0 0 0 0 0 0 0 0 0 0 0 0 0 0 0 0 0 0 0 0 0 0 0 0 0 0 0 0 0 0 0 0 0 0 0 0 0 0 0 0 0 0 0 0 0 0 0 0 0 0 0 0 0 0 0 0 0 0 0 0 0 0 0 0 0 0 0 0 0 0 0 0 0 0 0 0 0 0 0 0 0 0 0 0 0 0 0 0 0 0 0 0 0 0 0 0 0 0 0 0 0 0 0 0 0 0 0 0 0 0 0 0 0 0 0 0 0 0 0 0 0 0 0 0 0 0 0 0 0 0 0 0 0 0 0 0 0 0 0 0 0 0 0 0 0 0 0 0 0 0 0 0 0 0 0 0 0 0 0 0 0 0 0 0 0 0 0 0 0 0 0 0 0 0 0 0 0 0 0 0 0 0 0 0 0 0 0 0 0 0 0 0 0 0 0 0 0 0 0 0 0 0 0 0 0 0 0 0 0 0 0 0 0 0 0 0 0 0 0 0 0 0 0 0 0 0 0 0 0 0 0 0 0 0 0 0 0 0 0 0 0 0 0 0 0 0 0 0 0 0 0 0 0 0 0 0 0 0 0 0 0 0 0 0 0 0 0 0 0 0 0 0 0 0 0 0 0 0 0 0 0 0 0 0 0 0 0 0 0 0 0 0 0 0 0 0 0 0 0 0 0 0 0 0 0 0 0 0 0 0 0 0 0 0 0 0 0 0 0 0 0 0 0 0 0 0 0 0 0 0 0 0 0 0 0 0 0 0 0 0 0 0 0 0 0 0 0 0 0 0 0 0 0 0 0 0 0 0 0 0 0 0 0 0 0 0 0 0 0 0 0 0 0 0 0 0 0 0 0 0 0 0 0 0 0 0 0 0 0 0 0 0 0 0 0 0 0 0 0 0 0 0 0 0 0 0 0 0 0 0 0 0 0 0 0 0 0 0 0 0 0 0 0 0 0 0 0 0 0 0 0 0 0 0 0 0 0 0 0 0 0 0 0 0 0 0 0 0 0 0 0 0 0 0 0 0 0 0 0 0 0 0 0 0 0 0 0 0 0 0 0 0 0 0 0 0 0 0 0 0 0 0 0 0 0 0 0 0 0 0 0 0 0 0 
Average Prediction Loss per Sample: 0
