NUMLINES READ: 3800

parm = 

               c: 1
             fct: 0.2000
        sizeRoot: [10 10]
         featDim: 32
            sbin: 8
          padHog: 2
    sanityChecks: 1
      rootLength: 3200
        sizeBBOX: [12 12]
               e: 1.0000e-03
      numSamples: 3800
        numViews: 4
    numInstances: 5
       dimension: 64000
        patterns: {1x3800 cell}
          labels: {1x3800 cell}
          lossFn: @loss_vp
       featureFn: @mypsi_vp
    constraintFn: @mvc_vp

There are 3800 training examples
Iter 1: .........*Reducing working set...done. (NumConst=1, SV=1, CEps=1.0000, QPEps=0.0000)
Iter 2: .........*Reducing working set...done. (NumConst=2, SV=2, CEps=1.0184, QPEps=0.0000)
Iter 3: .........*Reducing working set...done. (NumConst=3, SV=3, CEps=1.1986, QPEps=0.0000)
Iter 4: .........*Reducing working set...done. (NumConst=4, SV=4, CEps=1.1308, QPEps=0.0000)
Iter 5: .........*Reducing working set...done. (NumConst=5, SV=5, CEps=1.0054, QPEps=0.0000)
Iter 6: .........*Reducing working set...done. (NumConst=6, SV=6, CEps=0.8553, QPEps=0.0000)
Iter 7: .........*Reducing working set...done. (NumConst=7, SV=7, CEps=0.5786, QPEps=0.0000)
Iter 8: .........*Reducing working set...done. (NumConst=8, SV=8, CEps=0.3707, QPEps=0.0000)
Iter 9: .........*Reducing working set...done. (NumConst=9, SV=9, CEps=0.2854, QPEps=0.0000)
Iter 10: .........*Reducing working set...done. (NumConst=10, SV=10, CEps=0.2137, QPEps=0.0000)
Iter 11: .........*Reducing working set...done. (NumConst=11, SV=10, CEps=0.1818, QPEps=0.0304)
Iter 12: .........*Reducing working set...done. (NumConst=12, SV=11, CEps=0.1806, QPEps=0.0466)
Iter 13: .........*Reducing working set...done. (NumConst=13, SV=12, CEps=0.1252, QPEps=0.0114)
Iter 14: .........*Reducing working set...done. (NumConst=14, SV=13, CEps=0.1145, QPEps=0.0309)
Iter 15: .........*Reducing working set...done. (NumConst=15, SV=14, CEps=0.1153, QPEps=0.0424)
Iter 16: .........*Reducing working set...done. (NumConst=16, SV=14, CEps=0.0802, QPEps=0.0132)
Iter 17: .........*Reducing working set...done. (NumConst=17, SV=15, CEps=0.0789, QPEps=0.0313)
Iter 18: .........*Reducing working set...done. (NumConst=18, SV=15, CEps=0.0776, QPEps=0.0321)
Iter 19: .........*Reducing working set...done. (NumConst=19, SV=16, CEps=0.0802, QPEps=0.0319)
Iter 20: .........*Reducing working set...done. (NumConst=20, SV=15, CEps=0.0381, QPEps=0.0104)
Iter 21: .........*Reducing working set...done. (NumConst=21, SV=16, CEps=0.0534, QPEps=0.0084)
Iter 22: .........*Reducing working set...done. (NumConst=22, SV=15, CEps=0.0468, QPEps=0.0142)
Iter 23: .........*Reducing working set...done. (NumConst=23, SV=16, CEps=0.0469, QPEps=0.0146)
Iter 24: .........*Reducing working set...done. (NumConst=24, SV=17, CEps=0.0379, QPEps=0.0137)
Iter 25: .........*Reducing working set...done. (NumConst=25, SV=18, CEps=0.0380, QPEps=0.0146)
Iter 26: .........*Reducing working set...done. (NumConst=26, SV=18, CEps=0.0367, QPEps=0.0167)
Iter 27: .........*Reducing working set...done. (NumConst=27, SV=18, CEps=0.0411, QPEps=0.0182)
Iter 28: .........*Reducing working set...done. (NumConst=28, SV=18, CEps=0.0293, QPEps=0.0082)
Iter 29: .........*Reducing working set...done. (NumConst=29, SV=17, CEps=0.0296, QPEps=0.0092)
Iter 30: .........*Reducing working set...done. (NumConst=30, SV=16, CEps=0.0274, QPEps=0.0050)
Iter 31: .........*Reducing working set...done. (NumConst=31, SV=16, CEps=0.0201, QPEps=0.0076)
Iter 32: .........*Reducing working set...done. (NumConst=32, SV=15, CEps=0.0198, QPEps=0.0078)
Iter 33: .........*Reducing working set...done. (NumConst=33, SV=15, CEps=0.0169, QPEps=0.0024)
Iter 34: .........*Reducing working set...done. (NumConst=34, SV=16, CEps=0.0160, QPEps=0.0060)
Iter 35: .........*Reducing working set...done. (NumConst=35, SV=17, CEps=0.0138, QPEps=0.0053)
Iter 36: .........*Reducing working set...done. (NumConst=36, SV=17, CEps=0.0178, QPEps=0.0064)
Iter 37: .........*Reducing working set...done. (NumConst=37, SV=18, CEps=0.0139, QPEps=0.0064)
Iter 38: .........*Reducing working set...done. (NumConst=38, SV=18, CEps=0.0156, QPEps=0.0042)
Iter 39: .........*Reducing working set...done. (NumConst=39, SV=18, CEps=0.0123, QPEps=0.0051)
Iter 40: .........*Reducing working set...done. (NumConst=40, SV=18, CEps=0.0113, QPEps=0.0053)
Iter 41: .........*Reducing working set...done. (NumConst=41, SV=18, CEps=0.0086, QPEps=0.0040)
Iter 42: .........*Reducing working set...done. (NumConst=42, SV=19, CEps=0.0129, QPEps=0.0038)
Iter 43: .........*Reducing working set...done. (NumConst=43, SV=20, CEps=0.0091, QPEps=0.0043)
Iter 44: .........*Reducing working set...done. (NumConst=44, SV=21, CEps=0.0108, QPEps=0.0038)
Iter 45: .........*Reducing working set...done. (NumConst=45, SV=21, CEps=0.0078, QPEps=0.0021)
Iter 46: .........*Reducing working set...done. (NumConst=46, SV=20, CEps=0.0101, QPEps=0.0029)
Iter 47: .........*Reducing working set...done. (NumConst=47, SV=21, CEps=0.0070, QPEps=0.0021)
Iter 48: .........*Reducing working set...done. (NumConst=48, SV=20, CEps=0.0074, QPEps=0.0026)
Iter 49: .........*Reducing working set...done. (NumConst=49, SV=20, CEps=0.0086, QPEps=0.0033)
Iter 50: .........*Reducing working set...done. (NumConst=50, SV=19, CEps=0.0055, QPEps=0.0021)
Iter 51: .........*Reducing working set...done. (NumConst=51, SV=20, CEps=0.0058, QPEps=0.0021)
Iter 52: .........*Reducing working set...done. (NumConst=52, SV=19, CEps=0.0050, QPEps=0.0018)
Iter 53: .........*Reducing working set...done. (NumConst=53, SV=19, CEps=0.0044, QPEps=0.0016)
Iter 54: .........*Reducing working set...done. (NumConst=54, SV=20, CEps=0.0052, QPEps=0.0015)
Iter 55: .........*Reducing working set...done. (NumConst=55, SV=21, CEps=0.0053, QPEps=0.0020)
Iter 56: .........*Reducing working set...done. (NumConst=56, SV=21, CEps=0.0041, QPEps=0.0019)
Iter 57: .........*Reducing working set...done. (NumConst=57, SV=21, CEps=0.0045, QPEps=0.0016)
Iter 58: .........*Reducing working set...done. (NumConst=58, SV=22, CEps=0.0046, QPEps=0.0018)
Iter 59: .........*Reducing working set...done. (NumConst=59, SV=23, CEps=0.0039, QPEps=0.0018)
Iter 60: .........*Reducing working set...done. (NumConst=59, SV=22, CEps=0.0050, QPEps=0.0017)
Iter 61: .........*Reducing working set...done. (NumConst=60, SV=23, CEps=0.0033, QPEps=0.0015)
Iter 62: .........*Reducing working set...done. (NumConst=61, SV=25, CEps=0.0044, QPEps=0.0014)
Iter 63: .........*Reducing working set...done. (NumConst=62, SV=24, CEps=0.0031, QPEps=0.0012)
Iter 64: .........*Reducing working set...done. (NumConst=63, SV=23, CEps=0.0025, QPEps=0.0011)
Iter 65: .........*Reducing working set...done. (NumConst=64, SV=23, CEps=0.0043, QPEps=0.0012)
Iter 66: .........*Reducing working set...done. (NumConst=65, SV=23, CEps=0.0023, QPEps=0.0010)
Iter 67: .........*Reducing working set...done. (NumConst=65, SV=22, CEps=0.0036, QPEps=0.0010)
Iter 68: .........*Reducing working set...done. (NumConst=66, SV=22, CEps=0.0035, QPEps=0.0010)
Iter 69: .........*Reducing working set...done. (NumConst=65, SV=21, CEps=0.0029, QPEps=0.0009)
Iter 70: .........*Reducing working set...done. (NumConst=65, SV=20, CEps=0.0021, QPEps=0.0009)
Iter 71: .........*Reducing working set...done. (NumConst=64, SV=20, CEps=0.0027, QPEps=0.0009)
Iter 72: .........*Reducing working set...done. (NumConst=65, SV=21, CEps=0.0019, QPEps=0.0005)
Iter 73: .........*Reducing working set...done. (NumConst=66, SV=22, CEps=0.0023, QPEps=0.0009)
Iter 74: .........*Reducing working set...done. (NumConst=67, SV=23, CEps=0.0020, QPEps=0.0008)
Iter 75: .........*Reducing working set...done. (NumConst=67, SV=23, CEps=0.0020, QPEps=0.0009)
Iter 76: .........*Reducing working set...done. (NumConst=67, SV=20, CEps=0.0020, QPEps=0.0007)
Iter 77: .........*Reducing working set...done. (NumConst=67, SV=20, CEps=0.0016, QPEps=0.0006)
Iter 78: .........*Reducing working set...done. (NumConst=66, SV=21, CEps=0.0016, QPEps=0.0007)
Iter 79: .........*Reducing working set...done. (NumConst=65, SV=22, CEps=0.0018, QPEps=0.0006)
Iter 80: .........*Reducing working set...done. (NumConst=65, SV=22, CEps=0.0013, QPEps=0.0006)
Iter 81: .........*Reducing working set...done. (NumConst=64, SV=22, CEps=0.0015, QPEps=0.0006)
Iter 82: .........*Reducing working set...done. (NumConst=64, SV=23, CEps=0.0015, QPEps=0.0005)
Iter 83: .........*Reducing working set...done. (NumConst=65, SV=24, CEps=0.0014, QPEps=0.0006)
Iter 84: .........*Reducing working set...done. (NumConst=66, SV=23, CEps=0.0015, QPEps=0.0006)
Iter 85: .........(NumConst=66, SV=23, CEps=0.0010, QPEps=0.0006)
Final epsilon on KKT-Conditions: 0.00099
Upper bound on duality gap: 0.00103
Dual objective value: dval=0.66993
Primal objective value: pval=0.67096
Total number of constraints in final working set: 66 (of 84)
Number of iterations: 85
Number of calls to 'find_most_violated_constraint': 323000
Number of SV: 23 
Norm of weight vector: |w|=0.74439
Value of slack variable (on working set): xi=0.39306
Value of slack variable (global): xi=0.39390
Norm of longest difference vector: ||Psi(x,y)-Psi(x,ybar)||=1.85972
Runtime in cpu-seconds: 442.16 (0.02% for QP, 0.15% for kernel, 55.48% for Argmax, 42.16% for Psi, 0.49% for init, 0.00% for cache update, 0.00% for cache const, 0.00% for cache add (incl. 0.00% for sum))
Losses: 0 0 0 0 0 0 0 0 0 0 0 0 0 0 0 0 0 0 0 0 0 0 0 0 0 0 0 0 0 0 0 0 0 0 0 0 0 0 0 0 0 0 0 0 0 0 0 0 0 0 0 0 0 0 0 0 0 0 0 0 0 0 0 0 0 0 0 0 0 0 0 0 0 0 0 0 0 0 0 0 0 0 0 0 0 0 0 0 0 0 0 0 0 0 0 0 0 0 0 0 0 0 0 0 0 0 0 0 0 0 0 0 0 0 0 0 0 0 0 0 0 0 0 0 0 0 0 0 0 0 0 0 0 0 0 0 0 0 0 0 0 0 0 0 0 0 0 0 0 0 0 0 0 0 0 0 0 0 0 0 0 0 0 0 0 0 0 0 0 0 0 0 0 0 0 0 0 0 0 0 0 0 0 0 0 0 0 0 0 0 0 0 0 0 0 0 0 0 0 0 0 0 0 0 0 0 0 0 0 0 0 0 0 0 0 0 0 0 0 0 0 0 0 0 0 0 0 0 0 0 0 0 0 0 0 0 0 0 0 0 0 0 0 0 0 0 0 0 0 0 0 0 0 0 0 0 0 0 0 0 0 0 0 0 0 0 0 0 0 0 0 0 0 0 0 0 0 0 0 0 0 0 0 0 0 0 0 0 0 0 0 0 0 0 0 0 0 0 0 0 0 0 0 0 0 0 0 0 0 0 0 0 0 0 0 0 0 0 0 0 0 0 0 0 0 0 0 0 0 0 0 0 0 0 0 0 0 0 0 0 0 0 0 0 0 0 0 0 0 0 0 0 0 0 0 0 0 0 0 0 0 0 0 0 0 0 0 0 0 0 0 0 0 0 0 0 0 0 0 0 0 0 0 0 0 0 0 0 0 0 0 0 0 0 0 0 0 0 0 0 0 0 0 0 0 0 0 0 0 0 0 0 0 0 0 0 0 0 0 0 0 0 0 0 0 0 0 0 0 0 0 0 0 0 0 0 0 0 0 0 0 0 0 0 0 0 0 0 0 0 0 0 0 0 0 0 0 0 0 0 0 0 0 0 0 0 0 0 0 0 0 0 0 0 0 0 0 0 0 0 0 0 0 0 0 0 0 0 0 0 0 0 0 0 0 0 0 0 0 0 0 0 0 0 0 0 0 0 0 0 0 0 0 0 0 0 0 0 0 0 0 0 0 0 0 0 0 0 0 0 0 0 0 0 0 0 0 0 0 0 0 0 0 0 0 0 0 0 0 0 0 0 0 0 0 0 0 0 0 0 0 0 0 0 0 0 0 0 0 0 0 0 0 0 0 0 0 0 0 0 0 0 0 0 0 0 0 0 0 0 0 0 0 0 0 0 0 0 0 0 0 0 0 0 0 0 0 0 0 0 0 0 0 0 0 0 0 0 0 0 0 0 0 0 0 0 0 0 0 0 0 0 0 0 0 0 0 0 0 0 0 0 0 0 0 0 0 0 0 0 0 0 0 0 0 0 0 0 0 0 0 0 0 0 0 0 0 0 0 0 0 0 0 0 0 0 0 0 0 0 0 0 0 0 0 0 0 0 0 0 0 0 0 0 0 0 0 0 0 0 0 0 0 0 0 0 0 0 0 0 0 0 0 0 0 0 0 0 0 0 0 0 0 0 0 0 0 0 0 0 0 0 0 0 0 0 0 0 0 0 0 0 0 0 0 0 0 0 0 0 0 0 0 0 0 0 0 0 0 0 0 0 0 0 0 0 0 0 0 0 0 0 0 0 0 0 0 0 0 0 0 0 0 0 0 0 0 0 0 0 0 0 0 0 0 0 0 0 0 0 0 0 0 0 0 0 0 0 0 0 0 0 0 0 0 0 0 0 0 0 0 0 0 0 0 0 0 0 0 0 0 0 0 0 0 0 0 0 0 0 0 0 0 0 0 0 0 0 0 0 0 0 0 0 0 0 0 0 0 0 0 0 0 0 0 0 0 0 0 0 0 0 0 0 0 0 0 0 0 0 0 0 0 0 0 0 0 0 0 0 0 0 0 0 0 0 0 0 0 0 0 0 0 0 0 0 0 0 0 0 0 0 0 0 0 0 0 0 0 0 0 0 0 0 0 0 0 0 0 0 0 0 0 0 0 0 0 0 0 0 0 0 0 0 0 0 0 0 0 0 0 0 0 0 0 0 0 0 0 0 0 0 0 0 0 0 0 0 0 0 0 0 0 0 0 0 0 0 0 0 0 0 0 0 0 0 0 0 0 0 0 0 0 0 0 0 0 0 0 0 0 0 0 0 0 0 0 0 0 0 0 0 0 0 0 0 0 0 0 0 0 0 0 0 0 0 0 0 0 0 0 0 0 0 0 0 0 0 0 0 0 0 0 0 0 0 0 0 0 0 0 0 0 0 0 0 0 0 0 0 0 0 0 0 0 0 0 0 0 0 0 0 0 0 0 0 0 0 0 0 0 0 0 0 0 0 0 0 0 0 0 0 0 0 0 0 0 0 0 0 0 0 0 0 0 0 0 0 0 0 0 0 0 0 0 0 0 0 0 0 0 0 0 0 0 0 0 0 0 0 0 0 0 0 0 0 0 0 0 0 0 0 0 0 0 0 0 0 0 0 0 0 0 0 0 0 0 0 0 0 0 0 0 0 0 0 0 0 0 0 0 0 0 0 0 0 0 0 0 0 0 0 0 0 0 0 0 0 0 0 0 0 0 0 0 0 0 0 0 0 0 0 0 0 0 0 0 0 0 0 0 0 0 0 0 0 0 0 0 0 0 0 0 0 0 0 0 0 0 0 0 0 0 0 0 0 0 0 0 0 0 0 0 0 0 0 0 0 0 0 0 0 0 0 0 0 0 0 0 0 0 0 0 0 0 0 0 0 0 0 0 0 0 0 0 0 0 0 0 0 0 0 0 0 0 0 0 0 0 0 0 0 0 0 0 0 0 0 0 0 0 0 0 0 0 0 0 0 0 0 0 0 0 0 0 0 0 0 0 0 0 0 0 0 0 0 0 0 0 0 0 0 0 0 0 0 0 0 0 0 0 0 0 0 0 0 0 0 0 0 0 0 0 0 0 0 0 0 0 0 0 0 0 0 0 0 0 0 0 0 0 0 0 0 0 0 0 0 0 0 0 0 0 0 0 0 0 0 0 0 0 0 0 0 0 0 0 0 0 0 0 0 0 0 0 0 0 0 0 0 0 0 0 0 0 0 0 0 0 0 0 0 0 0 0 0 0 0 0 0 0 0 0 0 0 0 0 0 0 0 0 0 0 0 0 0 0 0 0 0 0 0 0 0 0 0 0 0 0 0 0 0 0 0 0 0 0 0 0 0 0 0 0 0 0 0 0 0 0 0 0 0 0 0 0 0 0 0 0 0 0 0 0 0 0 0 0 0 0 0 0 0 0 0 0 0 0 0 0 0 0 0 0 0 0 0 0 0 0 0 1 0 0 0 0 0 0 0 1 1 0 0 0 0 0 0 0 0 0 0 1 0 0 0 0 0 0 0 0 0 0 0 0 0 0 0 0 0 0 0 1 0 0 0 0 0 0 1 1 1 0 0 0 0 0 0 0 0 0 0 0 0 0 0 0 0 0 0 0 1 1 0 0 0 0 0 0 1 1 1 1 0 0 0 0 0 0 0 1 1 1 0 0 0 0 0 1 1 1 1 1 0 0 0 0 0 0 0 0 1 1 1 0 0 0 0 0 1 1 1 1 1 0 0 0 0 1 1 1 1 1 1 1 0 0 0 1 1 1 1 1 1 0 0 0 0 1 1 1 1 0 0 0 0 0 0 0 0 0 0 0 0 0 0 0 0 0 0 0 0 0 0 0 0 0 0 0 0 1 1 1 0 0 0 0 0 0 1 1 1 1 1 1 1 1 1 1 1 1 1 0 1 1 1 1 1 1 1 0 0 0 1 1 1 1 1 1 0 0 0 0 1 1 1 1 1 1 1 0 0 0 1 1 1 1 1 0 0 0 0 0 1 1 1 1 1 1 1 0 0 0 1 1 1 1 1 1 0 0 0 0 1 1 1 1 1 0 0 0 0 0 1 1 1 1 1 0 0 0 0 0 1 1 1 1 1 0 0 0 0 0 0 0 0 0 1 1 0 0 0 1 1 1 1 1 1 1 1 1 1 1 1 1 1 1 1 1 1 1 1 1 1 1 1 1 1 1 1 1 1 1 1 1 1 1 1 1 1 1 1 1 1 1 1 1 1 1 1 1 1 0 1 1 1 1 1 1 1 0 0 1 1 1 1 1 1 1 1 1 1 0 1 1 1 1 1 0 0 0 0 0 0 0 0 0 0 0 0 0 0 0 0 0 0 0 0 0 0 0 0 0 0 0 0 0 0 0 0 0 0 0 0 0 0 0 0 0 0 0 0 0 0 0 0 0 0 0 0 0 0 0 0 0 0 0 0 0 0 0 0 0 0 0 0 0 0 0 0 0 0 0 0 0 0 0 0 0 0 0 0 0 0 0 0 0 0 0 0 0 0 0 0 0 0 0 0 0 0 0 0 0 0 0 0 0 0 0 0 0 0 0 0 0 0 0 0 0 0 0 0 0 0 0 0 0 0 0 0 0 0 0 0 0 0 0 0 0 0 0 0 0 0 0 0 0 0 0 0 0 0 0 0 0 0 0 0 0 0 0 0 0 0 0 0 0 0 0 0 0 0 0 0 0 0 0 0 0 0 0 0 0 0 0 0 0 0 0 0 0 0 1 1 1 1 1 1 1 0 1 1 0 1 1 1 1 1 1 1 1 0 0 1 1 1 1 1 1 1 0 0 1 1 1 1 1 1 1 0 0 1 0 0 0 0 1 1 1 1 1 0 1 1 1 1 1 1 1 0 1 1 0 1 1 1 1 1 1 0 0 0 0 0 0 1 1 1 1 1 1 1 1 1 1 1 1 1 1 0 0 0 0 0 0 0 1 1 1 0 0 0 1 0 0 1 1 1 1 1 1 1 1 1 1 1 1 1 1 1 1 1 1 1 1 1 1 1 1 1 1 1 1 1 1 1 1 1 1 1 1 1 1 1 1 1 1 1 1 1 1 1 1 1 1 1 1 1 1 1 1 1 0 1 1 1 1 1 1 1 1 0 1 1 1 1 1 1 1 1 1 1 1 0 0 1 1 1 1 1 1 1 0 0 0 0 0 0 0 0 0 0 0 0 0 0 0 0 0 0 0 0 0 0 0 0 0 0 0 0 0 0 0 0 0 0 0 0 0 0 0 0 0 0 0 0 0 0 0 0 0 0 0 0 0 0 0 0 0 0 0 0 0 0 0 0 0 0 0 0 0 0 0 0 0 0 0 0 0 0 0 0 0 0 0 0 0 0 0 0 0 0 0 0 0 0 0 0 0 0 0 0 0 0 0 0 0 0 0 0 0 0 0 0 0 0 0 0 0 0 0 0 0 0 0 0 0 0 0 0 0 0 0 0 0 0 0 0 0 0 0 0 0 0 0 0 0 0 0 0 0 0 0 0 0 0 0 0 0 0 0 0 0 0 0 0 0 0 0 0 0 0 0 0 0 0 0 0 0 0 0 0 0 0 0 0 0 0 0 0 0 0 0 0 0 0 0 0 0 0 0 0 0 0 0 0 0 0 0 0 0 0 0 0 0 0 0 0 0 0 0 0 0 0 0 0 0 0 0 0 0 0 0 0 0 0 0 0 0 0 0 0 0 0 0 0 0 0 0 0 0 0 0 0 0 0 0 0 0 0 0 0 0 0 0 0 0 0 0 0 0 0 0 0 0 0 0 0 0 0 0 0 0 0 0 0 0 0 0 0 0 0 0 0 0 0 0 0 0 0 0 0 0 0 0 0 0 0 0 0 0 0 0 0 0 0 0 0 0 0 0 0 0 0 0 0 0 0 0 0 0 0 0 0 0 0 0 0 0 0 0 0 0 0 0 0 0 0 0 0 0 0 0 0 0 0 0 0 0 0 0 0 0 0 0 0 0 0 0 0 0 0 0 0 0 0 0 0 0 0 0 0 0 0 0 0 0 0 0 0 0 0 0 0 0 0 0 0 0 0 0 0 0 0 0 0 0 0 0 0 0 0 0 0 0 0 0 0 0 0 0 0 0 0 0 0 0 0 0 0 0 0 0 0 0 0 0 0 0 0 0 0 0 0 0 0 0 0 0 0 0 0 0 0 0 0 0 0 0 0 0 0 0 0 0 0 0 0 0 0 0 0 0 0 0 0 0 0 0 0 0 0 0 0 0 0 0 0 0 0 0 0 0 0 0 0 0 0 0 0 0 0 0 0 0 0 0 0 0 0 0 0 0 0 0 0 0 0 0 0 0 0 0 0 0 0 0 0 0 0 0 0 0 0 0 0 0 0 0 0 0 0 0 0 0 0 0 0 0 0 0 0 0 0 0 0 0 0 0 0 0 0 0 0 0 0 0 0 0 0 0 0 0 0 0 0 0 0 0 0 0 0 0 0 0 0 0 0 0 0 0 0 0 0 0 0 0 0 0 0 0 0 0 0 0 0 0 0 0 0 0 0 0 0 0 0 0 0 0 0 0 0 0 0 0 0 0 0 0 0 0 0 0 0 0 0 0 0 0 0 0 0 0 0 0 0 0 0 0 0 0 0 0 0 0 0 0 0 0 0 0 0 0 0 0 0 0 0 0 0 0 0 0 0 0 0 0 0 0 0 0 0 0 0 0 0 0 0 0 0 0 0 0 0 0 0 0 0 0 0 0 0 0 0 0 0 0 0 0 0 0 0 0 0 0 0 0 0 0 0 0 0 0 0 0 0 0 0 0 0 0 0 0 0 0 0 0 0 0 0 0 0 0 0 0 0 0 0 0 0 0 0 0 0 0 0 0 0 0 0 0 0 0 0 0 0 0 0 0 0 0 0 0 0 0 0 0 0 0 0 0 0 0 0 0 0 0 0 0 0 0 0 0 0 0 0 0 0 0 0 0 0 0 0 0 0 0 0 0 0 0 0 0 0 0 0 0 0 0 0 0 0 0 0 0 0 0 0 0 0 0 0 0 0 0 0 0 0 0 0 0 0 0 0 0 0 0 0 0 0 0 0 0 0 0 0 0 0 0 0 0 0 0 0 0 0 0 0 0 0 0 0 0 0 0 0 0 0 0 0 0 0 0 0 0 0 0 0 0 0 0 0 0 0 0 0 0 0 0 0 0 0 1 0 0 0 0 0 0 0 0 0 0 0 0 0 0 0 0 0 0 0 0 0 0 0 0 0 0 0 0 0 0 0 0 0 0 0 0 0 0 0 0 0 0 0 0 0 0 0 0 0 0 0 0 0 0 0 0 0 0 0 0 0 0 0 0 0 0 0 0 0 0 0 0 0 0 0 0 0 0 0 0 0 0 0 0 0 0 0 0 0 0 0 0 0 0 0 0 0 0 0 0 0 0 0 0 0 0 0 0 0 0 0 0 0 0 0 0 0 0 0 0 0 0 0 0 0 0 0 0 0 0 0 0 0 0 0 0 0 0 0 0 0 0 0 0 0 0 0 0 0 0 0 0 0 0 0 0 0 0 0 0 0 0 0 0 0 0 0 0 0 0 0 0 0 0 0 0 0 0 0 0 0 0 0 0 0 0 0 0 0 0 0 0 0 0 0 0 0 0 0 0 0 0 0 0 0 0 0 0 0 0 0 0 0 0 0 0 0 0 0 0 0 0 0 0 0 0 0 0 0 0 0 0 0 0 0 0 0 0 0 0 0 0 0 0 0 0 0 0 0 0 0 0 0 0 0 0 0 0 0 0 0 0 0 0 0 0 0 0 0 0 0 0 0 0 0 0 0 0 0 0 0 0 0 0 0 0 0 0 0 0 0 0 0 0 0 0 0 0 0 0 0 0 0 0 0 0 0 0 0 0 0 0 0 0 0 0 0 0 0 0 0 0 0 0 0 0 0 0 0 0 0 0 0 0 0 0 0 0 0 0 0 0 0 0 0 0 0 0 0 0 0 0 0 0 0 0 0 0 0 0 0 0 0 0 0 0 0 0 0 0 0 0 0 0 0 0 0 0 0 0 0 0 0 0 0 0 0 0 0 0 0 0 0 0 0 0 0 0 0 0 0 0 0 0 0 0 0 0 0 0 0 0 0 0 0 0 0 0 0 0 0 0 0 0 0 0 0 0 0 0 0 0 0 0 0 0 0 0 0 0 0 0 0 0 0 0 0 0 0 0 0 0 0 0 0 0 0 0 0 0 0 0 0 0 0 0 0 0 0 0 0 0 0 0 0 0 0 0 0 0 0 0 0 0 0 0 0 0 0 0 0 0 0 0 0 0 0 0 0 0 0 0 0 0 0 0 0 0 0 0 0 0 0 0 0 0 0 0 0 0 0 0 0 0 0 0 0 0 0 0 0 0 0 0 0 0 0 0 0 0 0 0 0 0 0 0 0 0 0 0 0 0 0 0 0 0 0 0 0 0 0 0 0 0 0 0 0 0 0 0 0 0 0 0 0 0 0 0 0 0 0 0 0 0 0 0 0 0 0 0 0 0 0 0 0 0 0 0 0 0 0 0 0 0 0 0 0 0 0 0 0 0 0 0 0 0 0 0 0 
Average Prediction Loss per Sample: 0.0905263
