NUMLINES READ: 3040
{??? Operation terminated by user during ==> readpng at 59

In ==> imread at 443
    [X, map] = feval(fmt_s.read, filename, extraArgs{:});

In ==> trainViewPoint at 64
	depth_im = imread(fullfile(pat,[fil ext]));

In ==> learn at 4
	trainViewPoint('synthetic.chair4.4instances','c',c);
} 
59  X = permute(X, ndims(X):-1:1);
dbquit
clear all
clc
!ls *mat
synthetic4.monitor.5instancesvp4.C0.01.mat  synthetic4.monitor.5instancesvp4.C1.mat  synthetic.bed4.3instancesvp4.C100.mat
synthetic4.monitor.5instancesvp4.C0.1.mat   synthetic4.monitorvp4.C1.mat	     synthetic.bed4.3instancesvp4.C10.mat
synthetic4.monitor.5instancesvp4.C1000.mat  synthetic.bed4.3instancesvp4.C0.01.mat   synthetic.bed4.3instancesvp4.C1.mat
synthetic4.monitor.5instancesvp4.C100.mat   synthetic.bed4.3instancesvp4.C0.1.mat
synthetic4.monitor.5instancesvp4.C10.mat    synthetic.bed4.3instancesvp4.C1000.mat

synthetic.chair4.4instances                                        
synthetic.chair4.4instances.vpClassifier.20-May-2014-22:20:05.log  
!mv synthetic.chair4.4instances chair
ls
averagePartLocations.m			    synthetic4.monitor.5instancesvp4.C1000.mat
chair					    synthetic4.monitor.5instancesvp4.C100.mat
drawExample.m				    synthetic4.monitor.5instancesvp4.C10.mat
drawPartsColor.m			    synthetic4.monitor.5instancesvp4.C1.mat
drawParts.m				    synthetic4.monitor.5instances.vpClassifier.20-May-2014-14:04:31.log
drawParts_onGT.m			    synthetic4.monitor.5instances.vpClassifier.20-May-2014-14:13:55.log
features.cc				    synthetic4.monitor.5instances.vpClassifier.20-May-2014-14:32:17.log
features.mexa64				    synthetic4.monitor.5instances.vpClassifier.20-May-2014-14:36:23.log
features.mexglx				    synthetic4.monitor.5instances.vpClassifier.20-May-2014-20:55:26.log
greedy_old_genParts.m			    synthetic4.monitor.5instances.vpClassifier.20-May-2014-20:56:55.log
gt_score.m				    synthetic4.monitor.5instances.vpClassifier.20-May-2014-21:00:58.log
learn.m					    synthetic4.monitor.5instances.vpClassifier.20-May-2014-21:08:39.log
loss_vp.m				    synthetic4.monitor.5instances.vpClassifier.20-May-2014-21:21:43.log
makefile_windows.m			    synthetic4.monitor.5instances.vpClassifier.20-May-2014-21:45:48.log
mn.list					    synthetic4.monitorvp4.C1.mat
mvc_vp.m				    synthetic4.monitor.vpClassifier.20-May-2014-14:00:05.log
mypsi_parts.m				    synthetic.bed4.3instances
mypsi_vp.m				    synthetic.bed4.3instancesvp4.C0.01.mat
predict_vp.m				    synthetic.bed4.3instancesvp4.C0.1.mat
removePadding.m				    synthetic.bed4.3instancesvp4.C1000.mat
svm_light				    synthetic.bed4.3instancesvp4.C100.mat
svm_struct				    synthetic.bed4.3instancesvp4.C10.mat
svm_struct_api.c			    synthetic.bed4.3instancesvp4.C1.mat
svm_struct_api.h			    synthetic.bed4.3instances.vpClassifier.20-May-2014-20:31:31.log
svm_struct_api_types.h			    synthetic.bed4.3instances.vpClassifier.20-May-2014-20:32:44.log
svm_struct_learn_custom.c		    synthetic.bed4.3instances.vpClassifier.20-May-2014-20:33:23.log
svm_struct_learn.m			    synthetic.bed4.3instances.vpClassifier.20-May-2014-20:34:53.log
svm_struct_learn.mexa64			    synthetic.bed4.3instances.vpClassifier.20-May-2014-20:37:40.log
svm_struct_learn_mex.c			    synthetic.bed4.3instances.vpClassifier.20-May-2014-20:41:48.log
svm_struct_learn.mexglx			    synthetic.bed4.3instances.vpClassifier.20-May-2014-20:47:30.log
synthetic4.monitor			    synthetic.chair4.4instances.vpClassifier.20-May-2014-22:20:05.log
synthetic4.monitor.5instances		    test_svm_struct_learn_ker.m
synthetic4.monitor.5instancesvp4.C0.01.mat  test_svm_struct_learn.m
synthetic4.monitor.5instancesvp4.C0.1.mat   trainViewPoint.m

ls chair
chair

clear all
clc
learn
