NUMLINES READ: 2280

parm = 

               c: 1
             fct: 0.2000
        sizeRoot: [10 10]
         featDim: 32
            sbin: 8
          padHog: 2
    sanityChecks: 1
      rootLength: 3200
        sizeBBOX: [12 12]
               e: 1.0000e-03
      numSamples: 2280
        numViews: 4
    numInstances: 3
       dimension: 38400
        patterns: {1x2280 cell}
          labels: {1x2280 cell}
          lossFn: @loss_vp
       featureFn: @mypsi_vp
    constraintFn: @mvc_vp

There are 2280 training examples
Iter 1: .........*Reducing working set...done. (NumConst=1, SV=1, CEps=1.0000, QPEps=0.0000)
Iter 2: .........*Reducing working set...done. (NumConst=2, SV=2, CEps=1.0483, QPEps=0.0000)
Iter 3: .........*Reducing working set...done. (NumConst=3, SV=3, CEps=1.1173, QPEps=0.0000)
Iter 4: .........*Reducing working set...done. (NumConst=4, SV=4, CEps=0.8053, QPEps=0.0000)
Iter 5: .........*Reducing working set...done. (NumConst=5, SV=5, CEps=0.6565, QPEps=0.0000)
Iter 6: .........*Reducing working set...done. (NumConst=6, SV=6, CEps=0.4282, QPEps=0.0000)
Iter 7: .........*Reducing working set...done. (NumConst=7, SV=7, CEps=0.3311, QPEps=0.0000)
Iter 8: .........*Reducing working set...done. (NumConst=8, SV=8, CEps=0.2483, QPEps=0.0000)
Iter 9: .........*Reducing working set...done. (NumConst=9, SV=9, CEps=0.2117, QPEps=0.0000)
Iter 10: .........*Reducing working set...done. (NumConst=10, SV=10, CEps=0.2348, QPEps=0.0000)
Iter 11: .........*Reducing working set...done. (NumConst=11, SV=10, CEps=0.1606, QPEps=0.0000)
Iter 12: .........*Reducing working set...done. (NumConst=12, SV=11, CEps=0.1633, QPEps=0.0083)
Iter 13: .........*Reducing working set...done. (NumConst=13, SV=11, CEps=0.1463, QPEps=0.0437)
Iter 14: .........*Reducing working set...done. (NumConst=14, SV=11, CEps=0.1013, QPEps=0.0220)
Iter 15: .........*Reducing working set...done. (NumConst=15, SV=11, CEps=0.0848, QPEps=0.0418)
Iter 16: .........*Reducing working set...done. (NumConst=16, SV=12, CEps=0.0581, QPEps=0.0219)
Iter 17: .........*Reducing working set...done. (NumConst=17, SV=12, CEps=0.0851, QPEps=0.0257)
Iter 18: .........*Reducing working set...done. (NumConst=18, SV=13, CEps=0.0458, QPEps=0.0204)
Iter 19: .........*Reducing working set...done. (NumConst=19, SV=13, CEps=0.0494, QPEps=0.0223)
Iter 20: .........*Reducing working set...done. (NumConst=20, SV=13, CEps=0.0473, QPEps=0.0192)
Iter 21: .........*Reducing working set...done. (NumConst=21, SV=14, CEps=0.0344, QPEps=0.0062)
Iter 22: .........*Reducing working set...done. (NumConst=22, SV=12, CEps=0.0573, QPEps=0.0165)
Iter 23: .........*Reducing working set...done. (NumConst=23, SV=12, CEps=0.0507, QPEps=0.0169)
Iter 24: .........*Reducing working set...done. (NumConst=24, SV=13, CEps=0.0319, QPEps=0.0102)
Iter 25: .........*Reducing working set...done. (NumConst=25, SV=13, CEps=0.0332, QPEps=0.0049)
Iter 26: .........*Reducing working set...done. (NumConst=26, SV=13, CEps=0.0280, QPEps=0.0118)
Iter 27: .........*Reducing working set...done. (NumConst=27, SV=12, CEps=0.0256, QPEps=0.0085)
Iter 28: .........*Reducing working set...done. (NumConst=28, SV=13, CEps=0.0297, QPEps=0.0075)
Iter 29: .........*Reducing working set...done. (NumConst=29, SV=13, CEps=0.0256, QPEps=0.0060)
Iter 30: .........*Reducing working set...done. (NumConst=30, SV=13, CEps=0.0140, QPEps=0.0029)
Iter 31: .........*Reducing working set...done. (NumConst=31, SV=13, CEps=0.0226, QPEps=0.0051)
Iter 32: .........*Reducing working set...done. (NumConst=32, SV=12, CEps=0.0171, QPEps=0.0023)
Iter 33: .........*Reducing working set...done. (NumConst=33, SV=13, CEps=0.0134, QPEps=0.0057)
Iter 34: .........*Reducing working set...done. (NumConst=34, SV=13, CEps=0.0178, QPEps=0.0048)
Iter 35: .........*Reducing working set...done. (NumConst=35, SV=14, CEps=0.0103, QPEps=0.0035)
Iter 36: .........*Reducing working set...done. (NumConst=36, SV=12, CEps=0.0158, QPEps=0.0041)
Iter 37: .........*Reducing working set...done. (NumConst=37, SV=13, CEps=0.0122, QPEps=0.0043)
Iter 38: .........*Reducing working set...done. (NumConst=38, SV=13, CEps=0.0085, QPEps=0.0038)
Iter 39: .........*Reducing working set...done. (NumConst=39, SV=14, CEps=0.0101, QPEps=0.0028)
Iter 40: .........*Reducing working set...done. (NumConst=40, SV=14, CEps=0.0101, QPEps=0.0039)
Iter 41: .........*Reducing working set...done. (NumConst=41, SV=13, CEps=0.0088, QPEps=0.0025)
Iter 42: .........*Reducing working set...done. (NumConst=42, SV=13, CEps=0.0074, QPEps=0.0024)
Iter 43: .........*Reducing working set...done. (NumConst=43, SV=14, CEps=0.0075, QPEps=0.0017)
Iter 44: .........*Reducing working set...done. (NumConst=44, SV=14, CEps=0.0068, QPEps=0.0025)
Iter 45: .........*Reducing working set...done. (NumConst=45, SV=14, CEps=0.0077, QPEps=0.0032)
Iter 46: .........*Reducing working set...done. (NumConst=46, SV=14, CEps=0.0073, QPEps=0.0032)
Iter 47: .........*Reducing working set...done. (NumConst=47, SV=14, CEps=0.0050, QPEps=0.0009)
Iter 48: .........*Reducing working set...done. (NumConst=48, SV=15, CEps=0.0072, QPEps=0.0017)
Iter 49: .........*Reducing working set...done. (NumConst=49, SV=13, CEps=0.0057, QPEps=0.0020)
Iter 50: .........*Reducing working set...done. (NumConst=50, SV=15, CEps=0.0065, QPEps=0.0024)
Iter 51: .........*Reducing working set...done. (NumConst=51, SV=13, CEps=0.0043, QPEps=0.0018)
Iter 52: .........*Reducing working set...done. (NumConst=52, SV=14, CEps=0.0054, QPEps=0.0019)
Iter 53: .........*Reducing working set...done. (NumConst=53, SV=14, CEps=0.0045, QPEps=0.0012)
Iter 54: .........*Reducing working set...done. (NumConst=54, SV=15, CEps=0.0039, QPEps=0.0018)
Iter 55: .........*Reducing working set...done. (NumConst=55, SV=15, CEps=0.0036, QPEps=0.0015)
Iter 56: .........*Reducing working set...done. (NumConst=56, SV=14, CEps=0.0042, QPEps=0.0010)
Iter 57: .........*Reducing working set...done. (NumConst=57, SV=14, CEps=0.0028, QPEps=0.0007)
Iter 58: .........*Reducing working set...done. (NumConst=58, SV=17, CEps=0.0021, QPEps=0.0010)
Iter 59: .........*Reducing working set...done. (NumConst=59, SV=15, CEps=0.0032, QPEps=0.0006)
Iter 60: .........*Reducing working set...done. (NumConst=60, SV=16, CEps=0.0032, QPEps=0.0008)
Iter 61: .........*Reducing working set...done. (NumConst=61, SV=17, CEps=0.0026, QPEps=0.0007)
Iter 62: .........*Reducing working set...done. (NumConst=61, SV=16, CEps=0.0022, QPEps=0.0010)
Iter 63: .........*Reducing working set...done. (NumConst=62, SV=17, CEps=0.0022, QPEps=0.0004)
Iter 64: .........*Reducing working set...done. (NumConst=63, SV=18, CEps=0.0027, QPEps=0.0008)
Iter 65: .........*Reducing working set...done. (NumConst=63, SV=18, CEps=0.0025, QPEps=0.0008)
Iter 66: .........*Reducing working set...done. (NumConst=64, SV=16, CEps=0.0025, QPEps=0.0006)
Iter 67: .........*Reducing working set...done. (NumConst=64, SV=17, CEps=0.0022, QPEps=0.0009)
Iter 68: .........*Reducing working set...done. (NumConst=63, SV=18, CEps=0.0023, QPEps=0.0010)
Iter 69: .........*Reducing working set...done. (NumConst=63, SV=18, CEps=0.0012, QPEps=0.0006)
Iter 70: .........*Reducing working set...done. (NumConst=63, SV=19, CEps=0.0014, QPEps=0.0006)
Iter 71: .........*Reducing working set...done. (NumConst=61, SV=20, CEps=0.0015, QPEps=0.0005)
Iter 72: .........*Reducing working set...done. (NumConst=61, SV=18, CEps=0.0018, QPEps=0.0006)
Iter 73: .........*Reducing working set...done. (NumConst=62, SV=17, CEps=0.0012, QPEps=0.0004)
Iter 74: .........*Reducing working set...done. (NumConst=62, SV=16, CEps=0.0011, QPEps=0.0003)
Iter 75: .........*Reducing working set...done. (NumConst=62, SV=16, CEps=0.0013, QPEps=0.0003)
Iter 76: .........*Reducing working set...done. (NumConst=62, SV=16, CEps=0.0013, QPEps=0.0005)
Iter 77: .........(NumConst=62, SV=16, CEps=0.0009, QPEps=0.0005)
Final epsilon on KKT-Conditions: 0.00089
Upper bound on duality gap: 0.00094
Dual objective value: dval=0.45206
Primal objective value: pval=0.45299
Total number of constraints in final working set: 62 (of 76)
Number of iterations: 77
Number of calls to 'find_most_violated_constraint': 175560
Number of SV: 16 
Norm of weight vector: |w|=0.80060
Value of slack variable (on working set): xi=0.13163
Value of slack variable (global): xi=0.13252
Norm of longest difference vector: ||Psi(x,y)-Psi(x,ybar)||=1.79466
Runtime in cpu-seconds: 156.65 (0.02% for QP, 0.24% for kernel, 52.77% for Argmax, 43.42% for Psi, 0.63% for init, 0.00% for cache update, 0.00% for cache const, 0.00% for cache add (incl. 0.00% for sum))
Losses: 0 0 0 0 0 0 0 0 0 0 0 0 0 0 0 0 0 0 0 0 0 0 0 0 0 0 0 0 0 0 0 0 0 0 0 0 0 0 0 0 0 0 0 0 0 0 0 0 0 0 0 0 0 0 0 0 0 0 0 0 0 0 0 0 0 0 0 0 0 0 0 0 0 0 0 0 0 0 0 0 0 0 0 0 0 0 0 0 0 0 0 0 0 0 0 0 0 0 0 0 0 0 0 0 0 0 0 0 0 0 0 0 0 0 0 0 0 0 0 0 0 0 0 0 0 0 0 0 0 0 0 0 0 0 0 0 0 0 0 0 0 0 0 0 0 0 0 0 0 0 0 0 0 0 0 0 0 0 0 0 0 0 0 0 0 0 0 0 0 0 0 0 0 0 0 0 0 0 0 0 0 0 0 0 0 0 0 0 0 0 0 0 0 0 0 0 0 0 0 0 0 0 0 0 0 0 0 0 0 0 0 0 0 0 0 0 0 0 0 0 0 0 0 0 0 0 0 0 0 0 0 0 0 0 0 0 0 0 0 0 0 0 0 0 0 0 0 0 0 0 0 0 0 0 0 0 0 0 0 0 0 0 0 0 0 0 0 0 0 0 0 0 0 0 0 0 0 0 0 0 0 0 0 0 0 0 0 0 0 0 0 0 0 0 0 0 0 0 0 0 0 0 0 0 0 0 0 0 0 0 0 0 0 0 0 0 0 0 0 0 0 0 0 0 0 0 0 0 0 0 0 0 0 0 0 0 0 0 0 0 0 0 0 0 0 0 0 0 0 0 0 0 0 0 0 0 0 0 0 0 0 0 0 0 0 0 0 0 0 0 0 0 0 0 0 0 0 0 0 0 0 0 0 0 0 0 0 0 0 0 0 0 0 0 0 0 0 0 0 0 0 0 0 0 0 0 0 0 0 0 0 0 0 0 0 0 0 0 0 0 0 0 0 0 0 0 0 0 0 0 0 0 0 0 0 0 0 0 0 0 0 0 0 0 0 0 0 0 0 0 0 0 0 0 0 0 0 0 0 0 0 0 0 0 0 0 0 0 0 0 0 0 0 0 0 0 0 0 0 0 0 0 0 0 0 0 0 0 0 0 0 0 0 0 0 0 0 0 0 0 0 0 0 0 0 0 0 0 0 0 0 0 0 0 0 0 0 0 0 0 0 0 0 0 0 0 0 0 0 0 0 0 0 0 0 0 0 0 0 0 0 0 0 0 0 0 0 0 0 0 0 0 0 0 0 0 0 0 0 0 0 0 0 0 0 0 0 0 0 0 0 0 0 0 0 0 0 0 0 0 0 0 0 0 0 0 0 0 0 0 0 0 0 0 0 0 0 0 0 0 0 0 0 0 0 0 0 0 0 0 0 0 0 0 0 0 0 0 0 0 0 0 0 0 0 0 0 0 0 0 0 0 0 0 0 0 0 0 0 0 0 0 0 0 0 0 0 0 0 0 0 0 0 0 0 0 0 0 0 0 0 0 0 0 0 0 0 0 0 0 0 0 0 0 0 0 0 0 0 0 0 0 0 0 0 0 0 0 0 0 0 0 0 0 0 0 0 0 0 0 0 0 0 0 0 0 0 0 0 0 0 0 0 0 0 0 0 0 0 0 0 0 0 0 0 0 0 0 0 0 0 0 0 0 0 0 0 0 0 0 0 0 0 0 0 0 0 0 0 0 0 0 0 0 0 0 0 0 0 0 0 0 0 0 0 0 0 0 0 0 0 0 0 0 0 0 0 0 0 0 0 0 0 0 0 0 0 0 0 0 0 0 0 0 0 0 0 0 0 0 0 0 0 0 0 0 0 0 0 0 0 0 0 0 0 0 0 0 0 0 0 0 0 0 0 0 0 0 0 0 0 0 0 0 0 0 0 0 0 0 0 0 0 0 0 0 0 0 0 0 1 0 0 0 0 0 0 0 0 0 0 0 0 0 0 0 0 0 0 0 0 0 0 0 0 0 0 0 0 0 0 0 0 0 0 0 0 0 0 0 0 0 0 0 0 0 0 0 0 0 0 0 0 0 0 0 0 0 0 0 0 0 0 0 0 0 0 0 0 0 0 0 0 0 0 0 0 0 0 0 0 0 0 0 0 0 0 0 0 0 0 0 0 0 0 0 0 0 0 0 0 0 0 0 0 0 0 0 0 0 0 0 0 0 0 0 0 0 0 0 0 0 0 0 0 0 0 0 0 0 0 0 0 0 0 0 0 0 0 0 0 0 0 0 0 0 0 0 0 0 0 0 0 0 0 0 0 0 0 0 0 0 0 0 0 0 0 0 0 0 0 0 0 0 0 0 0 0 0 0 0 0 0 0 0 0 0 0 0 0 0 0 0 0 0 0 0 0 0 0 0 0 0 0 0 0 0 0 0 0 0 0 0 0 0 0 0 0 0 0 0 0 0 0 0 0 0 0 0 0 0 0 0 0 0 0 0 0 0 0 0 0 0 0 0 0 0 0 0 0 0 0 0 0 0 0 0 0 0 0 0 0 0 0 0 0 0 0 0 0 0 0 0 0 0 0 0 0 0 0 0 0 0 0 0 0 0 0 0 0 0 0 0 0 0 0 0 0 0 0 0 0 0 0 0 0 0 0 0 0 0 0 0 0 0 0 0 0 0 0 0 0 0 0 0 0 0 0 0 0 0 0 0 0 0 0 0 0 0 0 0 0 0 0 0 0 0 0 0 0 0 0 0 0 0 0 0 0 0 0 0 0 0 0 0 0 0 0 0 0 0 0 0 0 0 0 0 0 0 0 0 0 0 0 0 0 0 0 0 0 0 0 0 0 0 0 0 0 0 0 0 0 0 0 0 0 0 0 0 0 0 0 0 0 0 0 0 0 0 0 0 0 0 0 0 0 0 0 0 0 0 0 0 0 0 0 0 0 0 0 0 0 0 0 0 0 0 0 0 0 0 0 0 0 0 0 0 0 0 0 0 0 0 0 0 0 0 0 0 0 0 0 0 0 0 0 0 0 0 0 0 0 0 0 0 0 0 0 0 0 0 0 0 0 0 0 0 0 0 0 0 0 0 0 0 0 0 0 0 0 0 0 0 0 0 0 0 0 0 0 0 0 0 0 0 0 0 0 0 0 0 0 0 0 0 0 0 0 0 0 0 0 0 0 0 0 0 0 0 0 0 0 0 0 0 0 0 0 0 0 0 0 0 0 0 0 0 0 0 0 0 0 0 0 0 0 0 0 0 0 0 0 0 0 0 0 0 0 0 0 0 0 0 0 0 0 0 0 0 0 0 0 0 0 0 0 0 0 0 0 0 0 0 0 0 0 0 0 0 0 0 0 0 0 0 0 0 0 0 0 0 0 0 0 0 0 0 0 0 0 0 0 0 0 0 0 0 0 0 0 0 0 0 0 0 0 0 0 0 0 0 0 0 0 0 0 0 0 0 0 0 0 0 0 0 0 0 0 0 0 0 0 0 0 0 0 0 0 0 0 0 0 0 0 0 0 0 0 0 0 0 0 0 0 0 0 0 0 0 0 0 0 0 0 0 0 0 0 0 0 0 0 0 0 0 0 0 0 0 0 0 0 0 0 0 0 0 0 0 0 0 0 0 0 0 0 0 0 0 0 0 0 0 0 0 0 0 0 0 0 0 0 0 0 0 0 0 0 0 0 0 0 0 0 0 0 0 0 0 0 0 0 0 0 0 0 0 0 0 0 0 0 0 0 0 0 0 0 0 0 0 0 0 0 0 0 0 0 0 0 0 0 0 0 0 0 0 0 0 0 0 0 0 0 0 0 0 0 0 0 0 0 0 0 0 0 0 0 0 0 0 0 0 0 0 0 0 0 0 0 0 0 0 0 0 0 0 0 0 0 0 0 0 0 0 0 0 0 0 0 0 0 0 0 0 0 0 0 0 0 0 0 0 0 0 0 0 0 0 0 0 0 0 0 0 0 0 0 0 0 0 0 0 0 0 0 0 0 0 0 0 0 0 0 0 0 0 0 0 0 0 0 0 0 0 0 0 0 0 0 0 0 0 0 0 0 0 0 0 0 0 0 0 0 0 0 0 0 0 0 0 0 0 0 0 0 0 0 0 0 0 0 0 0 0 0 0 0 0 0 0 0 0 0 0 0 0 0 0 0 0 0 0 0 0 0 0 0 0 0 0 0 0 0 0 0 0 0 0 0 0 0 0 0 0 0 0 0 0 0 0 0 0 0 0 0 0 0 0 0 0 0 0 0 0 0 0 0 0 0 0 0 0 0 0 0 0 0 0 0 0 0 0 0 0 0 0 0 0 0 0 0 0 0 0 0 0 0 0 0 0 0 0 0 0 0 0 0 0 0 0 0 0 0 0 0 0 0 0 0 0 0 0 0 0 0 0 0 0 0 0 0 0 0 0 0 0 0 0 0 0 0 0 0 0 0 0 0 0 0 0 0 0 0 0 0 0 0 0 0 0 0 0 0 0 0 0 0 0 0 0 0 0 0 0 0 0 0 0 0 0 0 0 0 0 0 0 0 0 0 0 0 0 0 0 0 0 0 0 0 0 0 0 0 0 0 0 0 0 0 0 0 0 0 0 0 0 0 0 0 0 0 0 0 0 0 0 0 0 0 0 0 0 0 0 0 0 0 0 0 0 0 0 0 0 0 0 0 0 0 0 0 0 0 0 0 0 0 0 0 0 0 0 0 0 0 0 0 0 0 0 0 0 0 0 0 0 0 0 0 0 0 0 0 0 0 0 0 0 0 0 0 0 0 0 0 0 0 0 0 0 0 0 0 0 0 0 0 0 0 0 0 0 0 0 0 0 0 0 0 0 0 0 0 0 0 0 0 0 0 0 0 0 0 0 0 0 0 0 0 0 0 0 0 0 0 0 0 0 0 0 0 0 0 0 0 0 0 0 0 0 0 0 0 0 0 0 0 0 0 0 0 0 0 0 0 0 0 0 0 0 0 0 0 0 0 0 0 0 0 0 0 0 0 0 0 0 0 0 0 0 0 0 0 0 0 0 0 0 0 0 0 0 0 0 0 0 0 0 0 0 0 0 0 0 0 0 0 0 0 0 0 0 0 0 0 0 0 0 0 0 0 0 0 0 0 0 0 0 0 0 0 0 0 0 0 0 0 0 0 0 0 0 0 0 0 0 0 0 0 
Average Prediction Loss per Sample: 0.000438596
