NUMLINES READ: 3040

parm = 

               c: 1
             fct: 0.2000
        sizeRoot: [10 10]
         featDim: 32
            sbin: 8
          padHog: 2
    sanityChecks: 1
      rootLength: 3200
        sizeBBOX: [12 12]
               e: 1.0000e-03
      numSamples: 3040
        numViews: 4
    numInstances: 4
       dimension: 51200
        patterns: {1x3040 cell}
          labels: {1x3040 cell}
          lossFn: @loss_vp
       featureFn: @mypsi_vp
    constraintFn: @mvc_vp

There are 3040 training examples
Iter 1: .........*Reducing working set...done. (NumConst=1, SV=1, CEps=1.0000, QPEps=0.0000)
Iter 2: .........*Reducing working set...done. (NumConst=2, SV=2, CEps=1.0287, QPEps=0.0000)
Iter 3: .........*Reducing working set...done. (NumConst=3, SV=3, CEps=1.0305, QPEps=0.0000)
Iter 4: .........*Reducing working set...done. (NumConst=4, SV=4, CEps=0.7584, QPEps=0.0000)
Iter 5: .........*Reducing working set...done. (NumConst=5, SV=5, CEps=0.5973, QPEps=0.0000)
Iter 6: .........*Reducing working set...done. (NumConst=6, SV=6, CEps=0.4546, QPEps=0.0000)
Iter 7: .........*Reducing working set...done. (NumConst=7, SV=7, CEps=0.3415, QPEps=0.0000)
Iter 8: .........*Reducing working set...done. (NumConst=8, SV=8, CEps=0.2461, QPEps=0.0000)
Iter 9: .........*Reducing working set...done. (NumConst=9, SV=9, CEps=0.1799, QPEps=0.0000)
Iter 10: .........*Reducing working set...done. (NumConst=10, SV=10, CEps=0.1375, QPEps=0.0000)
Iter 11: .........*Reducing working set...done. (NumConst=11, SV=11, CEps=0.1086, QPEps=0.0497)
Iter 12: .........*Reducing working set...done. (NumConst=12, SV=11, CEps=0.0816, QPEps=0.0389)
Iter 13: .........*Reducing working set...done. (NumConst=13, SV=12, CEps=0.0600, QPEps=0.0109)
Iter 14: .........*Reducing working set...done. (NumConst=14, SV=12, CEps=0.0663, QPEps=0.0120)
Iter 15: .........*Reducing working set...done. (NumConst=15, SV=12, CEps=0.0472, QPEps=0.0105)
Iter 16: .........*Reducing working set...done. (NumConst=16, SV=13, CEps=0.0799, QPEps=0.0170)
Iter 17: .........*Reducing working set...done. (NumConst=17, SV=13, CEps=0.0487, QPEps=0.0211)
Iter 18: .........*Reducing working set...done. (NumConst=18, SV=14, CEps=0.0607, QPEps=0.0232)
Iter 19: .........*Reducing working set...done. (NumConst=19, SV=14, CEps=0.0448, QPEps=0.0084)
Iter 20: .........*Reducing working set...done. (NumConst=20, SV=15, CEps=0.0415, QPEps=0.0146)
Iter 21: .........*Reducing working set...done. (NumConst=21, SV=16, CEps=0.0347, QPEps=0.0114)
Iter 22: .........*Reducing working set...done. (NumConst=22, SV=16, CEps=0.0350, QPEps=0.0083)
Iter 23: .........*Reducing working set...done. (NumConst=23, SV=16, CEps=0.0352, QPEps=0.0094)
Iter 24: .........*Reducing working set...done. (NumConst=24, SV=16, CEps=0.0225, QPEps=0.0047)
Iter 25: .........*Reducing working set...done. (NumConst=25, SV=14, CEps=0.0281, QPEps=0.0097)
Iter 26: .........*Reducing working set...done. (NumConst=26, SV=15, CEps=0.0239, QPEps=0.0074)
Iter 27: .........*Reducing working set...done. (NumConst=27, SV=16, CEps=0.0193, QPEps=0.0088)
Iter 28: .........*Reducing working set...done. (NumConst=28, SV=17, CEps=0.0149, QPEps=0.0069)
Iter 29: .........*Reducing working set...done. (NumConst=29, SV=16, CEps=0.0134, QPEps=0.0045)
Iter 30: .........*Reducing working set...done. (NumConst=30, SV=17, CEps=0.0175, QPEps=0.0066)
Iter 31: .........*Reducing working set...done. (NumConst=31, SV=18, CEps=0.0182, QPEps=0.0043)
Iter 32: .........*Reducing working set...done. (NumConst=32, SV=16, CEps=0.0158, QPEps=0.0049)
Iter 33: .........*Reducing working set...done. (NumConst=33, SV=17, CEps=0.0120, QPEps=0.0056)
Iter 34: .........*Reducing working set...done. (NumConst=34, SV=17, CEps=0.0099, QPEps=0.0027)
Iter 35: .........*Reducing working set...done. (NumConst=35, SV=16, CEps=0.0113, QPEps=0.0039)
Iter 36: .........*Reducing working set...done. (NumConst=36, SV=16, CEps=0.0095, QPEps=0.0044)
Iter 37: .........*Reducing working set...done. (NumConst=37, SV=16, CEps=0.0126, QPEps=0.0039)
Iter 38: .........*Reducing working set...done. (NumConst=38, SV=16, CEps=0.0072, QPEps=0.0027)
Iter 39: .........*Reducing working set...done. (NumConst=39, SV=17, CEps=0.0103, QPEps=0.0034)
Iter 40: .........*Reducing working set...done. (NumConst=40, SV=17, CEps=0.0082, QPEps=0.0028)
Iter 41: .........*Reducing working set...done. (NumConst=41, SV=16, CEps=0.0070, QPEps=0.0020)
Iter 42: .........*Reducing working set...done. (NumConst=42, SV=17, CEps=0.0072, QPEps=0.0022)
Iter 43: .........*Reducing working set...done. (NumConst=43, SV=16, CEps=0.0056, QPEps=0.0018)
Iter 44: .........*Reducing working set...done. (NumConst=44, SV=17, CEps=0.0066, QPEps=0.0020)
Iter 45: .........*Reducing working set...done. (NumConst=45, SV=16, CEps=0.0047, QPEps=0.0016)
Iter 46: .........*Reducing working set...done. (NumConst=46, SV=17, CEps=0.0050, QPEps=0.0023)
Iter 47: .........*Reducing working set...done. (NumConst=47, SV=17, CEps=0.0048, QPEps=0.0018)
Iter 48: .........*Reducing working set...done. (NumConst=48, SV=18, CEps=0.0052, QPEps=0.0021)
Iter 49: .........*Reducing working set...done. (NumConst=49, SV=17, CEps=0.0056, QPEps=0.0023)
Iter 50: .........*Reducing working set...done. (NumConst=50, SV=16, CEps=0.0032, QPEps=0.0014)
Iter 51: .........*Reducing working set...done. (NumConst=51, SV=17, CEps=0.0039, QPEps=0.0009)
Iter 52: .........*Reducing working set...done. (NumConst=52, SV=17, CEps=0.0040, QPEps=0.0013)
Iter 53: .........*Reducing working set...done. (NumConst=53, SV=17, CEps=0.0042, QPEps=0.0014)
Iter 54: .........*Reducing working set...done. (NumConst=54, SV=17, CEps=0.0055, QPEps=0.0012)
Iter 55: .........*Reducing working set...done. (NumConst=55, SV=18, CEps=0.0034, QPEps=0.0016)
Iter 56: .........*Reducing working set...done. (NumConst=56, SV=19, CEps=0.0030, QPEps=0.0013)
Iter 57: .........*Reducing working set...done. (NumConst=57, SV=18, CEps=0.0032, QPEps=0.0012)
Iter 58: .........*Reducing working set...done. (NumConst=58, SV=19, CEps=0.0039, QPEps=0.0015)
Iter 59: .........*Reducing working set...done. (NumConst=59, SV=20, CEps=0.0034, QPEps=0.0013)
Iter 60: .........*Reducing working set...done. (NumConst=60, SV=21, CEps=0.0022, QPEps=0.0010)
Iter 61: .........*Reducing working set...done. (NumConst=60, SV=20, CEps=0.0033, QPEps=0.0009)
Iter 62: .........*Reducing working set...done. (NumConst=61, SV=20, CEps=0.0025, QPEps=0.0010)
Iter 63: .........*Reducing working set...done. (NumConst=61, SV=19, CEps=0.0030, QPEps=0.0008)
Iter 64: .........*Reducing working set...done. (NumConst=61, SV=19, CEps=0.0018, QPEps=0.0009)
Iter 65: .........*Reducing working set...done. (NumConst=62, SV=19, CEps=0.0018, QPEps=0.0009)
Iter 66: .........*Reducing working set...done. (NumConst=62, SV=19, CEps=0.0016, QPEps=0.0006)
Iter 67: .........*Reducing working set...done. (NumConst=63, SV=20, CEps=0.0024, QPEps=0.0007)
Iter 68: .........*Reducing working set...done. (NumConst=63, SV=20, CEps=0.0017, QPEps=0.0005)
Iter 69: .........*Reducing working set...done. (NumConst=64, SV=20, CEps=0.0018, QPEps=0.0007)
Iter 70: .........*Reducing working set...done. (NumConst=65, SV=20, CEps=0.0013, QPEps=0.0006)
Iter 71: .........*Reducing working set...done. (NumConst=65, SV=20, CEps=0.0017, QPEps=0.0006)
Iter 72: .........*Reducing working set...done. (NumConst=65, SV=20, CEps=0.0013, QPEps=0.0006)
Iter 73: .........*Reducing working set...done. (NumConst=65, SV=20, CEps=0.0013, QPEps=0.0005)
Iter 74: .........*Reducing working set...done. (NumConst=64, SV=20, CEps=0.0019, QPEps=0.0006)
Iter 75: .........*Reducing working set...done. (NumConst=65, SV=19, CEps=0.0012, QPEps=0.0005)
Iter 76: .........*Reducing working set...done. (NumConst=66, SV=18, CEps=0.0011, QPEps=0.0005)
Iter 77: .........*Reducing working set...done. (NumConst=67, SV=17, CEps=0.0013, QPEps=0.0005)
Iter 78: .........*Reducing working set...done. (NumConst=66, SV=19, CEps=0.0010, QPEps=0.0005)
Iter 79: .........*Reducing working set...done. (NumConst=67, SV=18, CEps=0.0015, QPEps=0.0005)
Iter 80: .........(NumConst=67, SV=18, CEps=0.0009, QPEps=0.0005)
Final epsilon on KKT-Conditions: 0.00089
Upper bound on duality gap: 0.00098
Dual objective value: dval=0.56123
Primal objective value: pval=0.56221
Total number of constraints in final working set: 67 (of 79)
Number of iterations: 80
Number of calls to 'find_most_violated_constraint': 243200
Number of SV: 18 
Norm of weight vector: |w|=0.80577
Value of slack variable (on working set): xi=0.23669
Value of slack variable (global): xi=0.23758
Norm of longest difference vector: ||Psi(x,y)-Psi(x,ybar)||=1.85387
Runtime in cpu-seconds: 251.70 (0.03% for QP, 0.17% for kernel, 54.90% for Argmax, 41.86% for Psi, 0.58% for init, 0.00% for cache update, 0.00% for cache const, 0.00% for cache add (incl. 0.00% for sum))
Losses: 0 0 0 0 0 0 0 0 0 0 0 0 0 0 0 0 0 0 0 0 0 0 0 0 0 0 0 0 0 0 0 0 0 0 0 0 0 0 0 0 0 0 0 0 0 0 0 0 0 0 0 0 0 0 0 0 0 0 0 0 0 0 0 0 0 0 0 0 0 0 0 0 0 0 0 0 0 0 0 0 0 0 0 0 0 0 0 0 0 0 0 0 0 0 0 0 0 0 0 0 0 0 0 0 0 0 0 0 0 0 0 0 0 0 0 0 0 0 0 0 0 0 0 0 0 0 0 0 0 0 0 0 0 0 0 0 0 0 0 0 0 0 0 0 0 0 0 0 0 0 0 0 0 0 0 0 0 0 0 0 0 0 0 0 0 0 0 0 0 0 0 0 0 0 0 0 0 0 0 0 0 0 0 0 0 0 0 0 0 0 0 0 0 0 0 0 0 0 0 0 0 0 0 0 0 0 0 0 0 0 0 0 0 0 0 0 0 0 0 0 0 0 0 0 0 0 0 0 0 0 0 0 0 0 0 0 0 0 0 0 0 0 0 0 0 0 0 0 0 0 0 0 0 0 0 0 0 0 0 0 0 0 0 0 0 0 0 0 0 0 0 0 0 0 0 0 0 0 0 0 0 0 0 0 0 0 0 0 0 0 0 0 0 0 0 0 0 0 0 0 0 0 0 0 0 0 0 0 0 0 0 0 0 0 0 0 0 0 0 0 0 0 0 0 0 0 0 0 0 0 0 0 0 0 0 0 0 0 0 0 0 0 0 0 0 0 0 0 0 0 0 0 0 0 0 0 0 0 0 0 0 0 0 0 0 0 0 0 0 0 0 0 0 0 0 0 0 0 0 0 0 0 0 0 0 0 0 0 0 0 0 0 0 0 0 0 0 0 0 0 0 0 0 0 0 0 0 0 0 0 0 0 0 0 0 0 0 0 0 0 0 0 0 0 0 0 0 0 0 0 0 0 0 0 0 0 0 0 0 0 0 0 0 0 0 0 0 0 0 0 0 0 0 0 0 0 0 0 0 0 0 0 0 0 0 0 0 0 0 0 0 0 0 0 0 0 0 0 0 0 0 0 0 0 0 0 0 0 0 0 0 0 0 0 0 0 0 0 0 0 0 0 0 0 0 0 0 0 0 0 0 0 0 0 0 0 0 0 0 0 0 0 0 0 0 0 0 0 0 0 0 0 0 0 0 0 0 0 0 0 0 0 0 0 0 0 0 0 0 0 0 0 0 0 0 0 0 0 0 0 0 0 0 0 0 0 0 0 0 0 0 0 0 0 0 0 0 0 0 0 0 0 0 0 0 0 0 0 0 0 0 0 0 0 0 0 0 0 0 0 0 0 0 0 0 0 0 0 0 0 0 0 0 0 0 0 0 0 0 0 0 0 0 0 0 0 0 0 0 0 0 0 0 0 0 0 0 0 0 0 0 0 0 0 0 0 0 0 0 0 0 0 0 0 0 0 0 0 0 0 0 0 0 0 0 0 0 0 0 0 0 0 0 0 0 0 0 0 0 0 0 0 0 0 0 0 0 0 0 0 0 0 0 0 0 0 0 0 0 0 0 0 0 0 0 0 0 0 0 0 0 0 0 0 0 0 0 0 0 0 0 0 0 0 0 0 0 0 0 0 0 0 0 0 0 0 0 0 0 0 0 0 0 0 0 0 0 0 0 0 0 0 0 0 0 0 0 0 0 0 0 0 0 0 0 0 0 0 0 0 0 0 0 0 0 0 0 0 0 0 0 0 0 0 0 0 0 0 0 0 0 0 0 0 0 0 0 0 0 0 0 0 0 0 0 0 0 0 0 0 0 0 0 0 0 0 0 0 0 0 0 0 0 0 0 0 0 0 0 0 0 0 0 0 0 0 0 0 0 0 1 0 0 0 0 0 0 0 0 0 1 0 0 0 0 0 0 0 0 1 0 0 0 0 0 0 0 0 0 0 0 0 0 0 0 0 0 0 0 0 0 0 0 0 0 0 0 0 0 0 0 0 0 0 0 0 0 0 0 0 0 0 0 0 0 0 0 0 0 0 0 0 0 0 0 0 0 0 0 0 0 0 0 0 0 0 0 0 0 0 0 0 0 0 0 0 0 0 0 0 0 0 0 0 0 0 0 0 0 0 0 0 0 0 0 0 0 0 0 0 0 0 0 0 0 0 0 0 0 0 0 0 0 0 0 0 0 0 0 0 0 0 0 0 0 0 0 0 0 0 0 0 0 0 0 0 0 0 0 0 0 0 0 0 0 0 0 0 0 0 0 0 0 0 0 0 0 0 0 0 0 0 0 0 0 0 0 0 0 0 0 0 0 0 0 0 0 0 0 0 0 0 0 0 0 0 0 0 0 0 0 0 0 0 0 0 0 0 0 0 0 0 0 0 0 0 0 0 0 0 0 0 0 0 0 0 0 0 0 0 0 0 0 0 0 0 0 0 0 0 0 0 0 0 0 0 0 0 0 0 0 0 0 0 0 0 0 0 0 0 0 0 0 0 0 0 0 0 0 0 0 0 0 0 0 0 0 0 0 0 0 0 0 0 0 0 0 0 0 0 0 0 0 0 0 0 0 0 0 0 0 0 0 0 0 0 0 0 0 0 0 0 0 0 0 0 0 0 0 0 0 0 0 0 0 0 0 0 0 0 0 0 0 0 0 0 0 0 0 0 0 0 0 0 0 0 0 0 0 0 0 0 0 0 0 0 0 0 0 0 0 0 0 0 0 0 0 0 0 0 0 0 0 0 0 0 0 0 0 0 0 0 0 0 0 0 0 0 0 0 0 0 0 0 0 0 0 0 0 0 0 0 0 0 0 0 0 0 0 0 0 0 0 0 0 0 0 0 0 0 0 0 0 0 0 0 0 0 0 0 0 0 0 0 0 0 0 0 0 0 0 0 0 0 0 0 0 0 0 0 0 0 0 0 0 0 0 0 0 0 0 0 0 0 0 0 0 0 0 0 0 0 0 0 0 0 0 0 0 0 0 0 0 0 0 0 0 0 0 0 0 0 0 0 0 0 0 0 0 0 0 0 0 0 0 0 0 0 0 0 0 0 0 0 0 0 0 0 0 0 0 0 0 0 0 0 0 0 0 0 0 0 0 0 0 0 0 0 0 0 0 0 0 0 0 0 0 0 0 0 0 0 0 0 0 0 0 0 0 0 0 0 0 0 0 0 0 0 0 0 0 0 0 0 0 0 0 0 0 0 0 0 0 0 0 0 0 0 0 0 0 0 0 0 0 0 0 0 0 0 0 0 0 0 0 0 0 0 0 0 0 0 0 0 0 0 0 0 0 0 0 0 0 0 0 0 0 0 0 0 0 0 0 0 0 0 0 0 0 0 0 0 0 0 0 0 0 0 0 0 0 0 0 0 0 0 0 0 0 0 0 0 0 0 0 0 0 0 0 0 0 0 0 0 0 0 0 0 0 0 0 0 0 0 0 0 0 0 0 0 0 0 0 0 0 0 0 0 0 0 0 0 0 0 0 0 0 0 0 0 0 0 0 0 0 0 0 0 0 0 0 0 0 0 0 0 0 0 0 0 0 0 0 0 0 0 0 0 0 0 0 0 0 0 0 0 0 0 0 0 0 0 0 0 0 0 0 0 0 0 1 0 0 0 0 0 0 0 0 0 0 0 0 0 0 0 0 0 0 0 0 0 0 0 0 0 0 0 0 0 0 0 0 0 0 0 0 0 0 0 0 0 0 0 0 0 0 0 0 0 0 0 0 0 0 0 0 0 0 0 0 0 0 0 0 0 0 0 0 0 0 0 0 0 0 0 0 0 0 0 0 0 0 0 0 0 0 0 0 0 0 0 0 0 0 0 0 0 0 0 0 0 0 0 0 0 0 0 0 0 0 0 0 0 0 0 0 0 0 0 0 0 0 0 0 0 0 0 0 0 0 0 0 0 0 0 0 0 0 0 0 0 0 0 0 0 0 0 0 0 0 0 0 0 0 0 0 0 0 0 0 0 0 0 0 0 0 0 0 0 0 0 0 0 0 0 0 0 0 0 0 0 0 0 0 0 0 0 0 0 0 0 0 0 0 0 0 0 0 0 0 0 0 0 0 0 0 0 0 0 0 0 0 0 0 0 0 0 0 0 0 0 0 0 0 0 0 0 0 0 0 0 0 0 0 0 0 0 0 0 0 0 0 0 0 0 0 0 0 0 0 0 0 0 0 0 0 0 0 0 0 0 0 0 0 0 0 0 0 0 0 0 0 0 0 0 0 0 0 0 0 0 0 0 0 0 0 0 0 0 0 0 0 0 0 0 0 0 0 0 0 0 0 0 0 0 0 0 0 0 0 0 0 0 0 0 0 0 0 0 0 0 0 0 0 0 0 0 0 0 0 0 0 0 0 0 0 0 0 0 0 0 0 0 0 0 0 0 0 0 0 0 0 0 0 0 0 0 0 0 0 0 0 0 0 0 0 0 0 0 0 0 0 0 0 0 0 0 0 0 0 0 0 0 0 0 0 0 0 0 0 0 0 0 0 0 0 0 0 0 0 0 0 0 0 0 0 0 0 0 0 0 0 0 0 0 0 0 0 0 0 0 0 0 0 0 0 0 0 0 0 0 0 0 0 0 0 0 0 0 0 0 0 0 0 0 0 0 0 0 0 0 0 0 0 0 0 0 0 0 0 0 0 0 0 0 0 0 0 0 0 0 0 0 0 0 0 0 0 0 0 0 0 0 0 0 0 0 0 0 0 0 0 0 0 0 0 0 0 0 0 0 0 0 0 0 0 0 0 0 0 0 0 0 0 0 0 0 0 0 0 0 0 0 0 0 0 0 0 0 0 0 0 0 0 0 0 0 0 0 0 0 0 0 0 0 0 0 0 0 0 0 0 0 0 0 0 0 0 0 0 0 0 0 0 0 0 0 0 0 0 0 0 0 0 0 0 0 0 0 0 0 0 0 0 0 0 0 0 0 0 0 0 0 0 0 0 0 0 0 0 0 0 0 0 0 0 0 0 0 0 0 0 0 0 0 0 0 0 0 0 0 0 0 0 0 0 0 0 0 0 0 0 0 0 0 0 0 0 0 0 0 0 0 0 0 0 0 0 0 0 0 0 0 0 0 0 0 0 0 0 0 0 0 0 0 0 0 0 0 0 0 0 0 0 0 0 0 0 0 0 0 0 0 0 0 0 0 0 0 0 0 0 0 0 0 0 0 0 0 0 0 0 0 0 0 0 0 0 0 0 0 0 0 0 0 0 0 0 0 0 0 0 0 0 0 0 0 0 0 0 0 0 0 0 0 0 0 0 0 0 0 0 0 0 0 0 0 0 0 1 0 0 0 0 0 0 0 0 0 1 0 0 0 0 0 0 0 0 0 0 0 0 0 0 0 0 0 0 0 0 0 0 0 0 0 0 0 0 0 0 0 0 0 0 0 0 0 0 0 0 0 0 0 0 0 0 0 0 0 0 0 0 0 0 0 0 0 0 0 0 0 0 0 0 0 0 0 0 0 0 0 0 0 0 0 0 0 0 0 0 0 0 0 0 0 0 0 0 0 0 0 0 0 0 0 0 0 0 0 0 0 0 0 0 0 0 0 0 0 0 0 0 0 0 0 0 0 0 0 0 0 0 0 0 0 0 0 0 0 0 0 0 0 0 0 0 0 0 0 0 0 0 0 0 0 0 0 0 0 0 0 0 0 0 0 0 0 0 0 0 0 0 0 0 0 0 0 0 0 0 0 0 0 0 0 0 0 0 0 0 0 0 0 0 0 0 0 0 0 0 0 0 0 0 0 0 0 0 0 0 0 0 0 0 0 0 0 0 0 0 0 0 0 0 0 0 0 0 0 0 0 0 0 0 0 0 0 0 0 0 0 0 0 0 0 0 0 0 0 0 0 0 0 0 0 0 0 0 0 0 0 0 0 0 0 0 0 0 0 0 0 0 0 0 0 0 0 0 0 0 0 0 0 0 0 0 0 0 0 0 0 0 0 0 0 0 0 0 0 0 0 0 0 0 0 0 0 0 0 0 0 0 0 0 0 0 0 0 0 0 0 0 0 0 0 0 0 0 0 0 0 0 0 0 0 0 0 0 0 0 0 0 0 0 0 0 0 0 0 0 0 0 0 0 0 0 0 0 0 0 0 0 0 0 0 0 0 0 0 0 0 0 0 0 0 0 0 0 0 0 0 0 0 0 0 0 0 0 0 0 0 0 0 0 0 0 0 0 0 1 0 0 0 0 0 0 0 0 0 0 0 0 0 0 0 0 0 0 0 0 0 0 0 0 0 0 0 0 0 0 0 0 0 0 0 0 0 0 0 0 0 0 0 0 0 0 0 0 0 0 0 0 0 0 0 0 0 0 0 0 0 0 0 0 0 0 0 0 0 0 0 0 0 0 0 0 0 0 0 0 0 0 0 0 0 0 0 0 0 0 0 0 0 0 0 0 0 0 0 0 0 0 0 0 0 0 0 0 0 0 0 0 0 0 0 0 0 0 0 0 0 0 0 0 0 0 0 0 0 0 0 0 0 0 0 0 0 0 0 0 0 0 0 0 0 0 0 0 0 0 0 0 0 0 0 0 0 0 0 0 0 0 0 0 0 0 0 0 0 0 0 0 0 0 0 0 0 0 0 0 0 0 0 0 0 0 0 0 0 0 0 0 0 0 0 0 0 0 0 0 0 0 0 0 0 0 0 0 0 0 0 0 0 0 0 0 0 0 0 0 0 0 0 0 0 0 0 0 0 0 0 0 0 0 0 0 0 0 0 0 0 0 0 0 0 0 0 0 0 0 0 0 0 0 0 0 0 0 0 0 0 0 0 0 0 0 0 0 0 0 0 0 0 0 0 0 0 0 0 
Average Prediction Loss per Sample: 0.00230263
